
[Thu Dec 24 22:05:21.488 2020]     1:40:19,T  23.29,H 105.00,0,0.000000,0.000000,0.000000,   0.0,  0.00,  0.00 1
[Thu Dec 24 22:05:41.482 2020]     1:40:39,T  23.31,H 105.01,0,0.000000,0.000000,0.000000,   0.0,  0.00,  0.00 1
[Thu Dec 24 22:06:01.493 2020]     1:41:00,T  23.31,H 105.04,0,0.000000,0.000000,0.000000,   0.0,  0.00,  0.00 1
[Thu Dec 24 22:06:21.487 2020]     1:41:20,T  23.32,H 105.04,0,0.000000,0.000000,0.000000,   0.0,  0.00,  0.00 1
[Thu Dec 24 22:07:45.630 2020]     1:41:40,T  23.32,H 105.04,0,0.000000,0.000000,0.000000,   0.0,  0.00,  0.00 1
[Thu Dec 24 22:07:45.633 2020]     1:42:01,T  23.32,H 105.04,0,0.000000,0.000000,0.000000,   0.0,  0.00,  0.00 1
[Thu Dec 24 22:07:45.633 2020]     1:42:21,T  23.32,H 105.04,0,0.000000,0.000000,0.000000,   0.0,  0.00,  0.00 1
[Thu Dec 24 22:07:45.633 2020]     1:42:41,T  23.32,H 105.04,0,0.000000,0.000000,0.000000,   0.0,  0.00,  0.00 1
[Thu Dec 24 22:08:02.491 2020]     1:43:02,T  23.33,H 105.07,0,0.000000,0.000000,0.000000,   0.0,  0.00,  0.00 1

[Thu Dec 24 22:08:21.515 2020]     1:43:22,T  23.33,H 105.04,0,0.000000,0.000000,0.000000,   0.0,  0.00,  0.00 1
[Thu Dec 24 22:08:41.527 2020]     1:43:42,T  23.34,H 105.06,0,0.000000,0.000000,0.000000,   0.0,  0.00,  0.00 1
[Thu Dec 24 22:09:01.520 2020]     1:44:03,T  23.34,H 105.06,0,0.000000,0.000000,0.000000,   0.0,  0.00,  0.00 1
[Thu Dec 24 22:09:21.532 2020]     1:44:23,T  23.35,H 105.08,0,0.000000,0.000000,0.000000,   0.0,  0.00,  0.00 1
[Thu Dec 24 22:09:41.527 2020]     1:44:43,T  23.36,H 105.10,0,0.000000,0.000000,0.000000,   0.0,  0.00,  0.00 1
[Thu Dec 24 22:10:01.536 2020]     1:45:04,T  23.36,H 105.08,0,0.000000,0.000000,0.000000,   0.0,  0.00,  0.00 1
[Thu Dec 24 22:10:21.530 2020]     1:45:24,T  23.37,H 105.08,0,0.000000,0.000000,0.000000,   0.0,  0.00,  0.00 1
[Thu Dec 24 22:10:41.540 2020]     1:45:44,T  23.38,H 105.08,0,0.000000,0.000000,0.000000,   0.0,  0.00,  0.00 1
[Thu Dec 24 22:11:01.551 2020]     1:46:05,T  23.38,H 105.07,0,0.000000,0.000000,0.000000,   0.0,  0.00,  0.00 1
[Thu Dec 24 22:11:21.546 2020]     1:46:25,T  23.39,H 105.08,0,0.000000,0.000000,0.000000,   0.0,  0.00,  0.00 1
[Thu Dec 24 22:11:41.556 2020]     1:46:45,T  23.39,H 105.13,0,0.000000,0.000000,0.000000,   0.0,  0.00,  0.00 1
[Thu Dec 24 22:12:01.551 2020]     1:47:06,T  23.39,H 105.11,0,0.000000,0.000000,0.000000,   0.0,  0.00,  0.00 1
[Thu Dec 24 22:12:21.561 2020]     1:47:26,T  23.39,H 105.08,0,0.000000,0.000000,0.000000,   0.0,  0.00,  0.00 1
[Thu Dec 24 22:12:41.573 2020]     1:47:46,T  23.40,H 105.11,0,0.000000,0.000000,0.000000,   0.0,  0.00,  0.00 1
[Thu Dec 24 22:13:01.566 2020]     1:48:07,T  23.40,H 105.11,0,0.000000,0.000000,0.000000,   0.0,  0.00,  0.00 1
[Thu Dec 24 22:13:21.576 2020]     1:48:27,T  23.41,H 105.11,0,0.000000,0.000000,0.000000,   0.0,  0.00,  0.00 1
[Thu Dec 24 22:13:41.571 2020]     1:48:47,T  23.41,H 105.08,0,0.000000,0.000000,0.000000,   0.0,  0.00,  0.00 1
[Thu Dec 24 22:14:01.581 2020]     1:49:08,T  23.42,H 105.11,0,0.000000,0.000000,0.000000,   0.0,  0.00,  0.00 1
[Thu Dec 24 22:14:21.575 2020]     1:49:28,T  23.42,H 105.07,0,0.000000,0.000000,0.000000,   0.0,  0.00,  0.00 1
[Thu Dec 24 22:14:41.586 2020]     1:49:48,T  23.43,H 105.07,0,0.000000,0.000000,0.000000,   0.0,  0.00,  0.00 1
[Thu Dec 24 22:15:01.597 2020]     1:50:09,T  23.43,H 105.11,0,0.000000,0.000000,0.000000,   0.0,  0.00,  0.00 1
[Thu Dec 24 22:15:21.590 2020]     1:50:29,T  23.44,H 105.11,0,0.000000,0.000000,0.000000,   0.0,  0.00,  0.00 1
[Thu Dec 24 22:15:41.601 2020]     1:50:49,T  23.44,H 105.09,0,0.000000,0.000000,0.000000,   0.0,  0.00,  0.00 1
[Thu Dec 24 22:16:01.595 2020]     1:51:10,T  23.45,H 105.09,0,0.000000,0.000000,0.000000,   0.0,  0.00,  0.00 1
[Thu Dec 24 22:16:21.606 2020]     1:51:30,T  23.46,H 105.11,0,0.000000,0.000000,0.000000,   0.0,  0.00,  0.00 1
[Thu Dec 24 22:16:41.616 2020]     1:51:50,T  23.46,H 105.07,0,0.000000,0.000000,0.000000,   0.0,  0.00,  0.00 1
[Thu Dec 24 22:17:01.611 2020]     1:52:11,T  23.46,H 105.07,0,0.000000,0.000000,0.000000,   0.0,  0.00,  0.00 1
[Thu Dec 24 22:17:21.621 2020]     1:52:31,T  23.47,H 105.06,0,0.000000,0.000000,0.000000,   0.0,  0.00,  0.00 1
[Thu Dec 24 22:17:41.615 2020]     1:52:51,T  23.46,H 105.05,0,0.000000,0.000000,0.000000,   0.0,  0.00,  0.00 1
[Thu Dec 24 22:18:01.626 2020]     1:53:12,T  23.47,H 105.07,0,0.000000,0.000000,0.000000,   0.0,  0.00,  0.00 1
[Thu Dec 24 22:18:21.621 2020]     1:53:32,T  23.48,H 105.04,0,0.000000,0.000000,0.000000,   0.0,  0.00,  0.00 1
[Thu Dec 24 22:18:41.631 2020]     1:53:52,T  23.48,H 105.04,0,0.000000,0.000000,0.000000,   0.0,  0.00,  0.00 1
[Thu Dec 24 22:19:01.641 2020]     1:54:13,T  23.48,H 105.06,0,0.000000,0.000000,0.000000,   0.0,  0.00,  0.00 1
[Thu Dec 24 22:19:21.636 2020]     1:54:33,T  23.50,H 105.06,0,0.000000,0.000000,0.000000,   0.0,  0.00,  0.00 1
[Thu Dec 24 22:19:41.646 2020]     1:54:53,T  23.49,H 105.01,0,0.000000,0.000000,0.000000,   0.0,  0.00,  0.00 1
[Thu Dec 24 22:20:01.640 2020]     1:55:14,T  23.50,H 105.04,0,0.000000,0.000000,0.000000,   0.0,  0.00,  0.00 1
[Thu Dec 24 22:20:21.652 2020]     1:55:34,T  23.50,H 105.04,0,0.000000,0.000000,0.000000,   0.0,  0.00,  0.00 1
[Thu Dec 24 22:20:41.662 2020]     1:55:54,T  23.50,H 105.01,0,0.000000,0.000000,0.000000,   0.0,  0.00,  0.00 1
[Thu Dec 24 22:21:01.656 2020]     1:56:15,T  23.51,H 105.06,0,0.000000,0.000000,0.000000,   0.0,  0.00,  0.00 1
[Thu Dec 24 22:21:21.667 2020]     1:56:35,T  23.51,H 105.02,0,0.000000,0.000000,0.000000,   0.0,  0.00,  0.00 1
[Thu Dec 24 22:21:41.661 2020]     1:56:55,T  23.52,H 104.99,0,0.000000,0.000000,0.000000,   0.0,  0.00,  0.00 1
[Thu Dec 24 22:22:01.670 2020]     1:57:16,T  23.52,H 105.00,0,0.000000,0.000000,0.000000,   0.0,  0.00,  0.00 1
[Thu Dec 24 22:22:21.666 2020]     1:57:36,T  23.53,H 104.99,0,0.000000,0.000000,0.000000,   0.0,  0.00,  0.00 1
[Thu Dec 24 22:22:41.676 2020]     1:57:56,T  23.53,H 105.03,0,0.000000,0.000000,0.000000,   0.0,  0.00,  0.00 1
[Thu Dec 24 22:23:01.687 2020]     1:58:17,T  23.53,H 104.99,0,0.000000,0.000000,0.000000,   0.0,  0.00,  0.00 1
[Thu Dec 24 22:23:21.681 2020]     1:58:37,T  23.54,H 104.97,0,0.000000,0.000000,0.000000,   0.0,  0.00,  0.00 1
[Thu Dec 24 22:23:41.691 2020]     1:58:57,T  23.54,H 104.97,0,0.000000,0.000000,0.000000,   0.0,  0.00,  0.00 1
[Thu Dec 24 22:24:01.685 2020]     2:00:18,T  23.54,H 104.97,0,0.000000,0.000000,0.000000,   0.0,  0.00,  0.00 2
[Thu Dec 24 22:24:21.696 2020]     2:00:38,T  23.55,H 104.97,0,0.000000,0.000000,0.000000,   0.0,  0.00,  0.00 2
[Thu Dec 24 22:24:41.706 2020]     2:00:58,T  23.56,H 104.97,0,0.000000,0.000000,0.000000,   0.0,  0.00,  0.00 2
[Thu Dec 24 22:25:01.700 2020]     2:01:19,T  23.56,H 104.96,0,0.000000,0.000000,0.000000,   0.0,  0.00,  0.00 2
[Thu Dec 24 22:25:21.710 2020]     2:01:39,T  23.56,H 104.97,0,0.000000,0.000000,0.000000,   0.0,  0.00,  0.00 2
[Thu Dec 24 22:25:41.705 2020]     2:02:00,T  23.56,H 104.96,0,0.000000,0.000000,0.000000,   0.0,  0.00,  0.00 2
[Thu Dec 24 22:26:01.716 2020]     2:02:20,T  23.56,H 104.97,0,0.000000,0.000000,0.000000,   0.0,  0.00,  0.00 2
[Thu Dec 24 22:26:21.709 2020]     2:02:40,T  23.57,H 104.98,0,0.000000,0.000000,0.000000,   0.0,  0.00,  0.00 2
[Thu Dec 24 22:26:41.721 2020]     2:03:01,T  23.58,H 104.94,0,0.000000,0.000000,0.000000,   0.0,  0.00,  0.00 2
[Thu Dec 24 22:27:01.731 2020]     2:03:21,T  23.58,H 104.94,0,0.000000,0.000000,0.000000,   0.0,  0.00,  0.00 2
[Thu Dec 24 22:27:21.725 2020]     2:03:41,T  23.58,H 104.92,0,0.000000,0.000000,0.000000,   0.0,  0.00,  0.00 2
[Thu Dec 24 22:27:41.735 2020]     2:04:02,T  23.59,H 104.94,0,0.000000,0.000000,0.000000,   0.0,  0.00,  0.00 2
[Thu Dec 24 22:27:41.768 2020] CHumidityStateClass::exitStateNonVentilating
[Thu Dec 24 22:27:41.800 2020] CHumidityStateClass::entryStateVentilating
[Thu Dec 24 22:28:01.730 2020]     2:04:22,T  23.60,H 104.96,0,0.000000,0.000000,0.000000,   0.0,  0.00,  0.00 2
[Thu Dec 24 22:28:21.740 2020]     2:04:42,T  23.62,H 104.99,0,0.000000,0.000000,0.000000,   0.0,  0.00,  0.00 2
[Thu Dec 24 22:28:41.734 2020]     2:05:03,T  23.62,H 105.01,0,0.000000,0.000000,0.000000,   0.0,  0.00,  0.00 2
[Thu Dec 24 22:29:01.746 2020]     2:05:23,T  23.60,H 105.04,0,0.000000,0.000000,0.000000,   0.0,  0.00,  0.00 2
[Thu Dec 24 22:29:21.756 2020]     2:05:43,T  23.57,H 104.98,0,0.000000,0.000000,0.000000,   0.0,  0.00,  0.00 2
[Thu Dec 24 22:29:41.750 2020]     2:06:04,T  23.56,H 104.92,0,0.000000,0.000000,0.000000,   0.0,  0.00,  0.00 2
[Thu Dec 24 22:29:41.799 2020] CHumidityStateClass::exitStateVentilating
[Thu Dec 24 22:29:41.815 2020] CHumidityStateClass::entryStateNonVentilating
[Thu Dec 24 22:30:01.760 2020]     2:06:24,T  23.56,H 104.88,0,0.000000,0.000000,0.000000,   0.0,  0.00,  0.00 2
[Thu Dec 24 22:30:21.755 2020]     2:06:44,T  23.56,H 104.80,0,0.000000,0.000000,0.000000,   0.0,  0.00,  0.00 2
[Thu Dec 24 22:30:41.765 2020]     2:07:05,T  23.57,H 104.76,0,0.000000,0.000000,0.000000,   0.0,  0.00,  0.00 2
[Thu Dec 24 22:31:01.776 2020]     2:07:25,T  23.58,H 104.75,0,0.000000,0.000000,0.000000,   0.0,  0.00,  0.00 2
[Thu Dec 24 22:31:21.770 2020]     2:07:45,T  23.59,H 104.73,0,0.000000,0.000000,0.000000,   0.0,  0.00,  0.00 2
[Thu Dec 24 22:31:41.781 2020]     2:08:06,T  23.59,H 104.73,0,0.000000,0.000000,0.000000,   0.0,  0.00,  0.00 2
[Thu Dec 24 22:32:01.775 2020]     2:08:26,T  23.60,H 104.69,0,0.000000,0.000000,0.000000,   0.0,  0.00,  0.00 2
[Thu Dec 24 22:32:21.786 2020]     2:08:46,T  23.59,H 104.73,0,0.000000,0.000000,0.000000,   0.0,  0.00,  0.00 2
[Thu Dec 24 22:32:41.780 2020]     2:09:07,T  23.59,H 104.69,0,0.000000,0.000000,0.000000,   0.0,  0.00,  0.00 2
[Thu Dec 24 22:33:01.791 2020]     2:09:27,T  23.60,H 104.73,0,0.000000,0.000000,0.000000,   0.0,  0.00,  0.00 2
[Thu Dec 24 22:33:21.801 2020]     2:09:47,T  23.60,H 104.67,0,0.000000,0.000000,0.000000,   0.0,  0.00,  0.00 2
[Thu Dec 24 22:33:41.794 2020]     2:10:08,T  23.60,H 104.71,0,0.000000,0.000000,0.000000,   0.0,  0.00,  0.00 2
[Thu Dec 24 22:34:01.806 2020]     2:10:28,T  23.60,H 104.73,0,0.000000,0.000000,0.000000,   0.0,  0.00,  0.00 2
[Thu Dec 24 22:34:21.800 2020]     2:10:48,T  23.61,H 104.71,0,0.000000,0.000000,0.000000,   0.0,  0.00,  0.00 2
[Thu Dec 24 22:34:41.810 2020]     2:11:09,T  23.61,H 104.74,0,0.000000,0.000000,0.000000,   0.0,  0.00,  0.00 2
[Thu Dec 24 22:35:01.821 2020]     2:11:29,T  23.61,H 104.74,0,0.000000,0.000000,0.000000,   0.0,  0.00,  0.00 2
[Thu Dec 24 22:35:21.815 2020]     2:11:49,T  23.62,H 104.74,0,0.000000,0.000000,0.000000,   0.0,  0.00,  0.00 2
[Thu Dec 24 22:35:41.825 2020]     2:12:10,T  23.61,H 104.74,0,0.000000,0.000000,0.000000,   0.0,  0.00,  0.00 2
[Thu Dec 24 22:36:01.820 2020]     2:12:30,T  23.61,H 104.74,0,0.000000,0.000000,0.000000,   0.0,  0.00,  0.00 2
[Thu Dec 24 22:36:21.831 2020]     2:12:50,T  23.62,H 104.74,0,0.000000,0.000000,0.000000,   0.0,  0.00,  0.00 2
[Thu Dec 24 22:36:41.824 2020]     2:13:11,T  23.63,H 104.74,0,0.000000,0.000000,0.000000,   0.0,  0.00,  0.00 2
[Thu Dec 24 22:37:01.835 2020]     2:13:31,T  23.63,H 104.72,0,0.000000,0.000000,0.000000,   0.0,  0.00,  0.00 2
[Thu Dec 24 22:37:21.846 2020]     2:13:51,T  23.63,H 104.74,0,0.000000,0.000000,0.000000,   0.0,  0.00,  0.00 2
[Thu Dec 24 22:37:41.841 2020]     2:14:12,T  23.63,H 104.76,0,0.000000,0.000000,0.000000,   0.0,  0.00,  0.00 2
[Thu Dec 24 22:38:01.852 2020]     2:14:32,T  23.64,H 104.76,0,0.000000,0.000000,0.000000,   0.0,  0.00,  0.00 2
[Thu Dec 24 22:38:21.845 2020]     2:14:52,T  23.64,H 104.72,0,0.000000,0.000000,0.000000,   0.0,  0.00,  0.00 2
[Thu Dec 24 22:38:41.855 2020]     2:15:13,T  23.65,H 104.76,0,0.000000,0.000000,0.000000,   0.0,  0.00,  0.00 2
[Thu Dec 24 22:39:01.866 2020]     2:15:33,T  23.65,H 104.75,0,0.000000,0.000000,0.000000,   0.0,  0.00,  0.00 2
[Thu Dec 24 22:39:21.860 2020]     2:15:53,T  23.65,H 104.76,0,0.000000,0.000000,0.000000,   0.0,  0.00,  0.00 2
[Thu Dec 24 22:39:41.871 2020]     2:16:14,T  23.65,H 104.75,0,0.000000,0.000000,0.000000,   0.0,  0.00,  0.00 2
[Thu Dec 24 22:40:01.865 2020]     2:16:34,T  23.66,H 104.76,0,0.000000,0.000000,0.000000,   0.0,  0.00,  0.00 2
[Thu Dec 24 22:40:21.875 2020]     2:16:54,T  23.66,H 104.81,0,0.000000,0.000000,0.000000,   0.0,  0.00,  0.00 2
[Thu Dec 24 22:40:41.870 2020]     2:17:15,T  23.67,H 104.79,0,0.000000,0.000000,0.000000,   0.0,  0.00,  0.00 2
[Thu Dec 24 22:41:01.881 2020]     2:17:35,T  23.67,H 104.77,0,0.000000,0.000000,0.000000,   0.0,  0.00,  0.00 2
[Thu Dec 24 22:41:21.891 2020]     2:17:55,T  23.67,H 104.81,0,0.000000,0.000000,0.000000,   0.0,  0.00,  0.00 2
[Thu Dec 24 22:41:41.885 2020]     2:18:16,T  23.67,H 104.79,0,0.000000,0.000000,0.000000,   0.0,  0.00,  0.00 2
[Thu Dec 24 22:42:01.896 2020]     2:18:36,T  23.68,H 104.77,0,0.000000,0.000000,0.000000,   0.0,  0.00,  0.00 2
[Thu Dec 24 22:42:21.890 2020]     2:18:56,T  23.68,H 104.81,0,0.000000,0.000000,0.000000,   0.0,  0.00,  0.00 2
[Thu Dec 24 22:42:41.901 2020]     2:19:17,T  23.68,H 104.81,0,0.000000,0.000000,0.000000,   0.0,  0.00,  0.00 2
[Thu Dec 24 22:43:01.911 2020]     2:19:37,T  23.68,H 104.77,0,0.000000,0.000000,0.000000,   0.0,  0.00,  0.00 2
[Thu Dec 24 22:43:21.905 2020]     2:19:57,T  23.68,H 104.79,0,0.000000,0.000000,0.000000,   0.0,  0.00,  0.00 2
[Thu Dec 24 22:43:41.916 2020]     2:20:18,T  23.70,H 104.78,0,0.000000,0.000000,0.000000,   0.0,  0.00,  0.00 2
[Thu Dec 24 22:43:59.304 2020] 
[Thu Dec 24 22:43:59.304 2020] STARTUP after initHW() pidGrowbox together with stateGrowbox
[Thu Dec 24 22:43:59.336 2020] printCsvHeader
[Thu Dec 24 22:43:59.352 2020] time,temp_inBox,humid_inBox,triacFireDuration,pVal,iVal,dVal,goal_temp,twaTemp,twaAbsTempDiff
[Thu Dec 24 22:43:59.401 2020] seconds,°C,triacTx,real,real,real,°C,real,real,relais1OnOff
[Thu Dec 24 22:43:59.432 2020] CHumidityStateClass::entryStateGrowBoxKeepingHumidity
[Thu Dec 24 22:43:59.465 2020] CHumidityStateClass::entryStateHumidityControlRunning
[Thu Dec 24 22:43:59.480 2020] CHumidityStateClass::entryStateIdle
[Thu Dec 24 22:43:59.511 2020] CHumidityStateClass::entryStateVentilating
[Thu Dec 24 22:43:59.530 2020] TriacHumidityTemperature statechart started
[Thu Dec 24 22:43:59.544 2020] 
[Thu Dec 24 22:43:59.544 2020] STARTUP DONE pidGrowbox together with stateGrowbox
[Thu Dec 24 22:44:22.145 2020] 
[Thu Dec 24 22:44:22.146 2020] STARTUP after initHW() pidGrowbox together with stateGrowbox
[Thu Dec 24 22:44:22.177 2020] printCsvHeader
[Thu Dec 24 22:44:22.177 2020] time,temp_inBox,humid_inBox,triacFireDuration,pVal,iVal,dVal,goal_temp,twaTemp,twaAbsTempDiff
[Thu Dec 24 22:44:22.240 2020] seconds,°C,triacTx,real,real,real,°C,real,real,relais1OnOff
[Thu Dec 24 22:44:22.258 2020] CHumidityStateClass::entryStateGrowBoxKeepingHumidity
[Thu Dec 24 22:44:22.289 2020] CHumidityStateClass::entryStateHumidityControlRunning
[Thu Dec 24 22:44:22.321 2020] CHumidityStateClass::entryStateIdle
[Thu Dec 24 22:44:22.338 2020] CHumidityStateClass::entryStateVentilating
[Thu Dec 24 22:44:22.369 2020] TriacHumidityTemperature statechart started
[Thu Dec 24 22:44:22.386 2020] 
[Thu Dec 24 22:44:22.386 2020] STARTUP DONE pidGrowbox together with stateGrowbox
[Thu Dec 24 22:44:33.453 2020] 
[Thu Dec 24 22:44:33.453 2020] STARTUP after initHW() pidGrowbox together with stateGrowbox
[Thu Dec 24 22:44:33.486 2020] printCsvHeader
[Thu Dec 24 22:44:33.502 2020] time,temp_inBox,humid_inBox,triacFireDuration,pVal,iVal,dVal,goal_temp,twaTemp,twaAbsTempDiff
[Thu Dec 24 22:44:33.550 2020] seconds,°C,triacTx,real,real,real,°C,real,real,relais1OnOff
[Thu Dec 24 22:44:33.581 2020] CHumidityStateClass::entryStateGrowBoxKeepingHumidity
[Thu Dec 24 22:44:33.598 2020] CHumidityStateClass::entryStateHumidityControlRunning
[Thu Dec 24 22:44:33.630 2020] CHumidityStateClass::entryStateIdle
[Thu Dec 24 22:44:33.646 2020] CHumidityStateClass::entryStateVentilating
[Thu Dec 24 22:44:33.678 2020] TriacHumidityTemperature statechart started
[Thu Dec 24 22:44:33.694 2020] 
[Thu Dec 24 22:44:33.694 2020] STARTUP DONE pidGrowbox together with stateGrowbox
[Thu Dec 24 22:44:53.463 2020]     0:00:20,T  23.74,H 104.85,0,0.000000,0.000000,0.000000,   0.0,  0.00,  0.00 0
[Thu Dec 24 22:45:13.458 2020]     0:00:40,T  23.74,H 104.85,0,0.000000,0.000000,0.000000,   0.0,  0.00,  0.00 0
[Thu Dec 24 22:45:33.468 2020]     0:01:01,T  23.74,H 104.90,0,0.000000,0.000000,0.000000,   0.0,  0.00,  0.00 0
[Thu Dec 24 22:45:53.463 2020]     0:01:21,T  23.74,H 104.90,0,0.000000,0.000000,0.000000,   0.0,  0.00,  0.00 0
[Thu Dec 24 22:46:13.473 2020]     0:01:41,T  23.71,H 104.89,0,0.000000,0.000000,0.000000,   0.0,  0.00,  0.00 0
[Thu Dec 24 22:46:33.483 2020]     0:02:02,T  23.67,H 104.85,0,0.000000,0.000000,0.000000,   0.0,  0.00,  0.00 0
[Thu Dec 24 22:46:33.517 2020] CHumidityStateClass::exitStateVentilating
[Thu Dec 24 22:46:33.548 2020] CHumidityStateClass::entryStateNonVentilating
[Thu Dec 24 22:46:49.111 2020] 
[Thu Dec 24 22:46:49.111 2020] STARTUP after initHW() pidGrowbox together with stateGrowbox
[Thu Dec 24 22:46:49.143 2020] printCsvHeader
[Thu Dec 24 22:46:49.143 2020] time,temp_inBox,humid_inBox,triacFireDuration,pVal,iVal,dVal,goal_temp,twaTemp,twaAbsTempDiff
[Thu Dec 24 22:46:49.191 2020] seconds,°C,triacTx,real,real,real,°C,real,real,relais1OnOff
[Thu Dec 24 22:46:49.223 2020] CHumidityStateClass::entryStateGrowBoxKeepingHumidity
[Thu Dec 24 22:46:49.255 2020] CHumidityStateClass::entryStateHumidityControlRunning
[Thu Dec 24 22:46:49.288 2020] CHumidityStateClass::entryStateIdle
[Thu Dec 24 22:46:49.303 2020] CHumidityStateClass::entryStateVentilating
[Thu Dec 24 22:46:49.320 2020] TriacHumidityTemperature statechart started
[Thu Dec 24 22:46:49.352 2020] 
[Thu Dec 24 22:46:49.352 2020] STARTUP DONE pidGrowbox together with stateGrowbox
[Thu Dec 24 22:47:07.186 2020] 
[Thu Dec 24 22:47:07.186 2020] STARTUP after initHW() pidGrowbox together with stateGrowbox
[Thu Dec 24 22:47:07.218 2020] printCsvHeader
[Thu Dec 24 22:47:07.234 2020] time,temp_inBox,humid_inBox,triacFireDuration,pVal,iVal,dVal,goal_temp,twaTemp,twaAbsTempDiff
[Thu Dec 24 22:47:07.282 2020] seconds,°C,triacTx,real,real,real,°C,real,real,relais1OnOff
[Thu Dec 24 22:47:07.314 2020] CHumidityStateClass::entryStateGrowBoxKeepingHumidity
[Thu Dec 24 22:47:07.330 2020] CHumidityStateClass::entryStateHumidityControlRunning
[Thu Dec 24 22:47:07.362 2020] CHumidityStateClass::entryStateIdle
[Thu Dec 24 22:47:07.377 2020] CHumidityStateClass::entryStateVentilating
[Thu Dec 24 22:47:07.410 2020] TriacHumidityTemperature statechart started
[Thu Dec 24 22:47:07.426 2020] 
[Thu Dec 24 22:47:07.426 2020] STARTUP DONE pidGrowbox together with stateGrowbox
[Thu Dec 24 22:47:18.495 2020] 
[Thu Dec 24 22:47:18.495 2020] STARTUP after initHW() pidGrowbox together with stateGrowbox
[Thu Dec 24 22:47:18.528 2020] printCsvHeader
[Thu Dec 24 22:47:18.543 2020] time,temp_inBox,humid_inBox,triacFireDuration,pVal,iVal,dVal,goal_temp,twaTemp,twaAbsTempDiff
[Thu Dec 24 22:47:18.591 2020] seconds,°C,triacTx,real,real,real,°C,real,real,relais1OnOff
[Thu Dec 24 22:47:18.623 2020] CHumidityStateClass::entryStateGrowBoxKeepingHumidity
[Thu Dec 24 22:47:18.655 2020] CHumidityStateClass::entryStateHumidityControlRunning
[Thu Dec 24 22:47:18.671 2020] CHumidityStateClass::entryStateIdle
[Thu Dec 24 22:47:18.703 2020] CHumidityStateClass::entryStateVentilating
[Thu Dec 24 22:47:18.719 2020] TriacHumidityTemperature statechart started
[Thu Dec 24 22:47:18.735 2020] 
[Thu Dec 24 22:47:18.735 2020] STARTUP DONE pidGrowbox together with stateGrowbox
[Thu Dec 24 22:47:38.505 2020]     0:00:20,T  23.68,H 104.67,0,0.000000,0.000000,0.000000,   0.0,  0.00,  0.00 0
[Thu Dec 24 22:47:38.554 2020] hello
[Thu Dec 24 22:47:58.516 2020]     0:00:40,T  23.69,H 104.64,0,0.000000,0.000000,0.000000,   0.0,  0.00,  0.00 0
[Thu Dec 24 22:47:58.549 2020] hello
[Thu Dec 24 22:48:18.510 2020]     0:01:01,T  23.68,H 104.61,0,0.000000,0.000000,0.000000,   0.0,  0.00,  0.00 0
[Thu Dec 24 22:48:18.559 2020] hello
[Thu Dec 24 22:48:38.522 2020]     0:01:21,T  23.67,H 104.61,0,0.000000,0.000000,0.000000,   0.0,  0.00,  0.00 0
[Thu Dec 24 22:48:38.554 2020] hello
[Thu Dec 24 22:48:58.515 2020]     0:01:41,T  23.65,H 104.61,0,0.000000,0.000000,0.000000,   0.0,  0.00,  0.00 0
[Thu Dec 24 22:48:58.564 2020] hello
[Thu Dec 24 22:49:18.526 2020]     0:02:02,T  23.65,H 104.53,0,0.000000,0.000000,0.000000,   0.0,  0.00,  0.00 0
[Thu Dec 24 22:49:18.575 2020] hello
[Thu Dec 24 22:49:38.536 2020]     0:02:22,T  23.64,H 104.49,0,0.000000,0.000000,0.000000,   0.0,  0.00,  0.00 0
[Thu Dec 24 22:49:38.569 2020] hello
[Thu Dec 24 22:49:58.531 2020]     0:02:42,T  23.63,H 104.50,0,0.000000,0.000000,0.000000,   0.0,  0.00,  0.00 0
[Thu Dec 24 22:49:58.579 2020] hello
[Thu Dec 24 22:50:18.541 2020] CHumidityStateClass::exitStateVentilating
[Thu Dec 24 22:50:18.558 2020] CHumidityStateClass::entryStateNonVentilating
[Thu Dec 24 22:50:18.573 2020]     0:03:03,T  23.63,H 104.50,0,0.000000,0.000000,0.000000,   0.0,  0.00,  0.00 0
[Thu Dec 24 22:50:18.621 2020] hello
[Thu Dec 24 22:50:20.733 2020] 
[Thu Dec 24 22:50:20.733 2020] STARTUP after initHW() pidGrowbox together with stateGrowbox
[Thu Dec 24 22:50:20.765 2020] printCsvHeader
[Thu Dec 24 22:50:20.781 2020] time,temp_inBox,humid_inBox,triacFireDuration,pVal,iVal,dVal,goal_temp,twaTemp,twaAbsTempDiff
[Thu Dec 24 22:50:20.829 2020] seconds,°C,triacTx,real,real,real,°C,real,real,relais1OnOff
[Thu Dec 24 22:50:20.862 2020] CHumidityStateClass::entryStateGrowBoxKeepingHumidity
[Thu Dec 24 22:50:20.878 2020] CHumidityStateClass::entryStateHumidityControlRunning
[Thu Dec 24 22:50:20.909 2020] CHumidityStateClass::entryStateIdle
[Thu Dec 24 22:50:20.925 2020] CHumidityStateClass::entryStateVentilating
[Thu Dec 24 22:50:20.957 2020] TriacHumidityTemperature statechart started
[Thu Dec 24 22:50:20.973 2020] 
[Thu Dec 24 22:50:20.973 2020] STARTUP DONE pidGrowbox together with stateGrowbox
[Thu Dec 24 22:50:42.023 2020] 
[Thu Dec 24 22:50:42.023 2020] STARTUP after initHW() pidGrowbox together with stateGrowbox
[Thu Dec 24 22:50:42.055 2020] printCsvHeader
[Thu Dec 24 22:50:42.055 2020] time,temp_inBox,humid_inBox,triacFireDuration,pVal,iVal,dVal,goal_temp,twaTemp,twaAbsTempDiff
[Thu Dec 24 22:50:42.103 2020] seconds,°C,triacTx,real,real,real,°C,real,real,relais1OnOff
[Thu Dec 24 22:50:42.135 2020] CHumidityStateClass::entryStateGrowBoxKeepingHumidity
[Thu Dec 24 22:50:42.168 2020] CHumidityStateClass::entryStateHumidityControlRunning
[Thu Dec 24 22:50:42.199 2020] CHumidityStateClass::entryStateIdle
[Thu Dec 24 22:50:42.214 2020] CHumidityStateClass::entryStateVentilating
[Thu Dec 24 22:50:42.231 2020] TriacHumidityTemperature statechart started
[Thu Dec 24 22:50:42.264 2020] 
[Thu Dec 24 22:50:42.264 2020] STARTUP DONE pidGrowbox together with stateGrowbox
[Thu Dec 24 22:50:53.300 2020] 
[Thu Dec 24 22:50:53.300 2020] STARTUP after initHW() pidGrowbox together with stateGrowbox
[Thu Dec 24 22:50:53.332 2020] printCsvHeader
[Thu Dec 24 22:50:53.347 2020] time,temp_inBox,humid_inBox,triacFireDuration,pVal,iVal,dVal,goal_temp,twaTemp,twaAbsTempDiff
[Thu Dec 24 22:50:53.397 2020] seconds,°C,triacTx,real,real,real,°C,real,real,relais1OnOff
[Thu Dec 24 22:50:53.428 2020] CHumidityStateClass::entryStateGrowBoxKeepingHumidity
[Thu Dec 24 22:50:53.460 2020] CHumidityStateClass::entryStateHumidityControlRunning
[Thu Dec 24 22:50:53.476 2020] CHumidityStateClass::entryStateIdle
[Thu Dec 24 22:50:53.492 2020] CHumidityStateClass::entryStateVentilating
[Thu Dec 24 22:50:53.526 2020] TriacHumidityTemperature statechart started
[Thu Dec 24 22:50:53.540 2020] 
[Thu Dec 24 22:50:53.540 2020] STARTUP DONE pidGrowbox together with stateGrowbox
[Thu Dec 24 22:51:13.310 2020]     0:00:20,T  23.64,H 104.47,0,0.000000,0.000000,0.000000,   0.0,  0.00,  0.00 0
[Thu Dec 24 22:51:13.358 2020] hello, 0.000000, 0.000000
[Thu Dec 24 22:51:33.320 2020]     0:00:40,T  23.64,H 104.49,0,0.000000,0.000000,0.000000,   0.0,  0.00,  0.00 0
[Thu Dec 24 22:51:33.353 2020] hello, 0.000000, 0.000000
[Thu Dec 24 22:51:53.314 2020]     0:01:01,T  23.63,H 104.49,0,0.000000,0.000000,0.000000,   0.0,  0.00,  0.00 0
[Thu Dec 24 22:51:53.364 2020] hello, 0.000000, 0.000000
[Thu Dec 24 22:52:13.325 2020]     0:01:21,T  23.63,H 104.50,0,0.000000,0.000000,0.000000,   0.0,  0.00,  0.00 0
[Thu Dec 24 22:52:13.357 2020] hello, 0.000000, 0.000000
[Thu Dec 24 22:52:33.319 2020]     0:01:41,T  23.60,H 104.47,0,0.000000,0.000000,0.000000,   0.0,  0.00,  0.00 0
[Thu Dec 24 22:52:33.371 2020] hello, 0.000000, 0.000000
[Thu Dec 24 22:52:53.330 2020]     0:02:02,T  23.60,H 104.46,0,0.000000,0.000000,0.000000,   0.0,  0.00,  0.00 0
[Thu Dec 24 22:52:53.378 2020] hello, 0.000000, 0.000000
[Thu Dec 24 22:53:13.324 2020]     0:02:22,T  23.58,H 104.46,0,0.000000,0.000000,0.000000,   0.0,  0.00,  0.00 0
[Thu Dec 24 22:53:13.373 2020] hello, 0.000000, 0.000000
[Thu Dec 24 22:53:33.334 2020]     0:02:42,T  23.57,H 104.39,0,0.000000,0.000000,0.000000,   0.0,  0.00,  0.00 0
[Thu Dec 24 22:53:33.385 2020] hello, 0.000000, 0.000000
[Thu Dec 24 22:53:53.345 2020]     0:03:03,T  23.56,H 104.33,0,0.000000,0.000000,0.000000,   0.0,  0.00,  0.00 0
[Thu Dec 24 22:53:53.377 2020] hello, 0.000000, 0.000000
[Thu Dec 24 22:53:53.393 2020] CHumidityStateClass::exitStateVentilating
[Thu Dec 24 22:53:53.425 2020] CHumidityStateClass::entryStateNonVentilating
[Thu Dec 24 22:54:04.446 2020] 
[Thu Dec 24 22:54:04.446 2020] STARTUP after initHW() pidGrowbox together with stateGrowbox
[Thu Dec 24 22:54:04.479 2020] printCsvHeader
[Thu Dec 24 22:54:04.479 2020] time,temp_inBox,humid_inBox,triacFireDuration,pVal,iVal,dVal,goal_temp,twaTemp,twaAbsTempDiff
[Thu Dec 24 22:54:04.527 2020] seconds,°C,triacTx,real,real,real,°C,real,real,relais1OnOff
[Thu Dec 24 22:54:04.558 2020] CHumidityStateClass::entryStateGrowBoxKeepingHumidity
[Thu Dec 24 22:54:04.590 2020] CHumidityStateClass::entryStateHumidityControlRunning
[Thu Dec 24 22:54:04.622 2020] CHumidityStateClass::entryStateIdle
[Thu Dec 24 22:54:04.638 2020] CHumidityStateClass::entryStateVentilating
[Thu Dec 24 22:54:04.654 2020] TriacHumidityTemperature statechart started
[Thu Dec 24 22:54:04.687 2020] 
[Thu Dec 24 22:54:04.687 2020] STARTUP DONE pidGrowbox together with stateGrowbox
[Thu Dec 24 22:54:22.106 2020] 
[Thu Dec 24 22:54:22.106 2020] STARTUP after initHW() pidGrowbox together with stateGrowbox
[Thu Dec 24 22:54:22.138 2020] printCsvHeader
[Thu Dec 24 22:54:22.138 2020] time,temp_inBox,humid_inBox,triacFireDuration,pVal,iVal,dVal,goal_temp,twaTemp,twaAbsTempDiff
[Thu Dec 24 22:54:22.185 2020] seconds,°C,triacTx,real,real,real,°C,real,real,relais1OnOff
[Thu Dec 24 22:54:22.218 2020] CHumidityStateClass::entryStateGrowBoxKeepingHumidity
[Thu Dec 24 22:54:22.250 2020] CHumidityStateClass::entryStateHumidityControlRunning
[Thu Dec 24 22:54:22.281 2020] CHumidityStateClass::entryStateIdle
[Thu Dec 24 22:54:22.297 2020] CHumidityStateClass::entryStateVentilating
[Thu Dec 24 22:54:22.313 2020] TriacHumidityTemperature statechart started
[Thu Dec 24 22:54:22.345 2020] 
[Thu Dec 24 22:54:22.345 2020] STARTUP DONE pidGrowbox together with stateGrowbox
[Thu Dec 24 22:54:33.382 2020] 
[Thu Dec 24 22:54:33.382 2020] STARTUP after initHW() pidGrowbox together with stateGrowbox
[Thu Dec 24 22:54:33.415 2020] printCsvHeader
[Thu Dec 24 22:54:33.415 2020] time,temp_inBox,humid_inBox,triacFireDuration,pVal,iVal,dVal,goal_temp,twaTemp,twaAbsTempDiff
[Thu Dec 24 22:54:33.464 2020] seconds,°C,triacTx,real,real,real,°C,real,real,relais1OnOff
[Thu Dec 24 22:54:33.494 2020] CHumidityStateClass::entryStateGrowBoxKeepingHumidity
[Thu Dec 24 22:54:33.527 2020] CHumidityStateClass::entryStateHumidityControlRunning
[Thu Dec 24 22:54:33.558 2020] CHumidityStateClass::entryStateIdle
[Thu Dec 24 22:54:33.574 2020] CHumidityStateClass::entryStateVentilating
[Thu Dec 24 22:54:33.590 2020] TriacHumidityTemperature statechart started
[Thu Dec 24 22:54:33.622 2020] 
[Thu Dec 24 22:54:33.622 2020] STARTUP DONE pidGrowbox together with stateGrowbox
[Thu Dec 24 22:54:53.392 2020]     0:00:20,T  23.57,H 104.36,0,0.000000,0.000000,27.000000,   0.0,  0.00,  0.00 5120
[Thu Dec 24 22:55:13.386 2020]     0:00:40,T  23.59,H 104.40,0,0.000000,0.000000,27.000000,   0.0,  0.00,  0.00 10240
[Thu Dec 24 22:55:33.396 2020]     0:01:01,T  23.58,H 104.39,0,0.000000,0.000000,27.000000,   0.0,  0.00,  0.00 257
[Thu Dec 24 22:55:53.391 2020]     0:01:21,T  23.57,H 104.39,0,0.000000,0.000000,27.000000,   0.0,  0.00,  0.00 5377
[Thu Dec 24 22:56:13.401 2020]     0:01:41,T  23.57,H 104.43,0,0.000000,0.000000,27.000000,   0.0,  0.00,  0.00 10497
[Thu Dec 24 22:56:33.396 2020]     0:02:02,T  23.57,H 104.43,0,0.000000,0.000000,27.000000,   0.0,  0.00,  0.00 514
[Thu Dec 24 22:56:53.407 2020]     0:02:22,T  23.54,H 104.39,0,0.000000,0.000000,27.000000,   0.0,  0.00,  0.00 5634
[Thu Dec 24 22:57:13.417 2020]     0:02:42,T  23.53,H 104.36,0,0.000000,0.000000,27.000000,   0.0,  0.00,  0.00 10754
[Thu Dec 24 22:57:33.411 2020]     0:03:03,T  23.53,H 104.32,0,0.000000,0.000000,27.000000,   0.0,  0.00,  0.00 771
[Thu Dec 24 22:57:33.460 2020] CHumidityStateClass::exitStateVentilating
[Thu Dec 24 22:57:33.476 2020] CHumidityStateClass::entryStateNonVentilating
[Thu Dec 24 22:57:53.422 2020]     0:03:23,T  23.53,H 104.35,0,0.000000,0.000000,27.000000,   0.0,  0.00,  0.00 5891
[Thu Dec 24 22:58:13.416 2020]     0:03:43,T  23.53,H 104.35,0,0.000000,0.000000,27.000000,   0.0,  0.00,  0.00 11011
[Thu Dec 24 22:58:33.426 2020]     0:04:04,T  23.54,H 104.39,0,0.000000,0.000000,27.000000,   0.0,  0.00,  0.00 1028
[Thu Dec 24 22:58:53.437 2020]     0:04:24,T  23.56,H 104.41,0,0.000000,0.000000,27.000000,   0.0,  0.00,  0.00 6148
[Thu Dec 24 22:59:13.431 2020]     0:04:44,T  23.57,H 104.43,0,0.000000,0.000000,27.000000,   0.0,  0.00,  0.00 11268
[Thu Dec 24 22:59:33.442 2020]     0:05:05,T  23.58,H 104.51,0,0.000000,0.000000,27.000000,   0.0,  0.00,  0.00 1285
[Thu Dec 24 22:59:53.436 2020]     0:05:25,T  23.57,H 104.55,0,0.000000,0.000000,27.000000,   0.0,  0.00,  0.00 6405
[Thu Dec 24 23:00:13.447 2020]     0:05:45,T  23.59,H 104.57,0,0.000000,0.000000,27.000000,   0.0,  0.00,  0.00 11525
[Thu Dec 24 23:00:27.603 2020] 
[Thu Dec 24 23:00:27.603 2020] STARTUP after initHW() pidGrowbox together with stateGrowbox
[Thu Dec 24 23:00:27.635 2020] printCsvHeader
[Thu Dec 24 23:00:27.635 2020] time,temp_inBox,humid_inBox,triacFireDuration,pVal,iVal,dVal,goal_temp,twaTemp,twaAbsTempDiff
[Thu Dec 24 23:00:27.684 2020] seconds,°C,triacTx,real,real,real,°C,real,real,relais1OnOff
[Thu Dec 24 23:00:27.715 2020] CHumidityStateClass::entryStateGrowBoxKeepingHumidity
[Thu Dec 24 23:00:27.747 2020] CHumidityStateClass::entryStateHumidityControlRunning
[Thu Dec 24 23:00:27.779 2020] CHumidityStateClass::entryStateIdle
[Thu Dec 24 23:00:27.795 2020] CHumidityStateClass::entryStateVentilating
[Thu Dec 24 23:00:27.811 2020] TriacHumidityTemperature statechart started
[Thu Dec 24 23:00:27.843 2020] 
[Thu Dec 24 23:00:27.843 2020] STARTUP DONE pidGrowbox together with stateGrowbox
[Thu Dec 24 23:00:43.823 2020] 
[Thu Dec 24 23:00:43.823 2020] STARTUP after initHW() pidGrowbox together with stateGrowbox
[Thu Dec 24 23:00:43.855 2020] printCsvHeader
[Thu Dec 24 23:00:43.871 2020] time,temp_inBox,humid_inBox,triacFireDuration,pVal,iVal,dVal,goal_temp,twaTemp,twaAbsTempDiff
[Thu Dec 24 23:00:43.919 2020] seconds,°C,triacTx,real,real,real,°C,real,real,relais1OnOff
[Thu Dec 24 23:00:43.951 2020] CHumidityStateClass::entryStateGrowBoxKeepingHumidity
[Thu Dec 24 23:00:43.983 2020] CHumidityStateClass::entryStateHumidityControlRunning
[Thu Dec 24 23:00:44.014 2020] CHumidityStateClass::entryStateIdle
[Thu Dec 24 23:00:44.031 2020] CHumidityStateClass::entryStateVentilating
[Thu Dec 24 23:00:44.046 2020] TriacHumidityTemperature statechart started
[Thu Dec 24 23:00:44.079 2020] 
[Thu Dec 24 23:00:44.079 2020] STARTUP DONE pidGrowbox together with stateGrowbox
[Thu Dec 24 23:00:55.067 2020] 
[Thu Dec 24 23:00:55.082 2020] STARTUP after initHW() pidGrowbox together with stateGrowbox
[Thu Dec 24 23:00:55.116 2020] printCsvHeader
[Thu Dec 24 23:00:55.116 2020] time,temp_inBox,humid_inBox,triacFireDuration,pVal,iVal,dVal,goal_temp,twaTemp,twaAbsTempDiff
[Thu Dec 24 23:00:55.164 2020] seconds,°C,triacTx,real,real,real,°C,real,real,relais1OnOff
[Thu Dec 24 23:00:55.195 2020] CHumidityStateClass::entryStateGrowBoxKeepingHumidity
[Thu Dec 24 23:00:55.227 2020] CHumidityStateClass::entryStateHumidityControlRunning
[Thu Dec 24 23:00:55.260 2020] CHumidityStateClass::entryStateIdle
[Thu Dec 24 23:00:55.277 2020] CHumidityStateClass::entryStateVentilating
[Thu Dec 24 23:00:55.292 2020] TriacHumidityTemperature statechart started
[Thu Dec 24 23:00:55.324 2020] 
[Thu Dec 24 23:00:55.324 2020] STARTUP DONE pidGrowbox together with stateGrowbox
[Thu Dec 24 23:01:15.077 2020]     0:00:20,T  23.62,H 104.69,0,  0.0,  0.0,0.000000,   0.0,  0.00,  0.00 0
[Thu Dec 24 23:01:35.087 2020]     0:00:40,T  23.62,H 104.74,0,  0.0,  0.0,0.000000,   0.0,  0.00,  0.00 0
[Thu Dec 24 23:01:55.082 2020]     0:01:01,T  23.62,H 104.74,0,  0.0,  0.0,0.000000,   0.0,  0.00,  0.00 0
[Thu Dec 24 23:02:15.093 2020]     0:01:21,T  23.61,H 104.79,0,  0.0,  0.0,0.000000,   0.0,  0.00,  0.00 0
[Thu Dec 24 23:02:35.103 2020]     0:01:41,T  23.61,H 104.79,0,  0.0,  0.0,0.000000,   0.0,  0.00,  0.00 0
[Thu Dec 24 23:02:55.098 2020]     0:02:02,T  23.58,H 104.75,0,  0.0,  0.0,0.000000,   0.0,  0.00,  0.00 0
[Thu Dec 24 23:03:15.216 2020]     0:02:22,T  23.57,H 104.72,0,  0.0,  0.0,0.000000,   0.0,  0.00,  0.00 0
[Thu Dec 24 23:03:35.103 2020]     0:02:42,T  23.55,H 104.68,0,  0.0,  0.0,0.000000,   0.0,  0.00,  0.00 0
[Thu Dec 24 23:03:55.113 2020]     0:03:03,T  23.54,H 104.62,0,  0.0,  0.0,0.000000,   0.0,  0.00,  0.00 0
[Thu Dec 24 23:03:55.144 2020] CHumidityStateClass::exitStateVentilating
[Thu Dec 24 23:03:55.177 2020] CHumidityStateClass::entryStateNonVentilating
[Thu Dec 24 23:04:15.108 2020]     0:03:23,T  23.54,H 104.58,0,  0.0,  0.0,0.000000,   0.0,  0.00,  0.00 0
[Thu Dec 24 23:04:35.118 2020]     0:03:43,T  23.55,H 104.53,0,  0.0,  0.0,0.000000,   0.0,  0.00,  0.00 0
[Thu Dec 24 23:04:55.128 2020]     0:04:04,T  23.57,H 104.57,0,  0.0,  0.0,0.000000,   0.0,  0.00,  0.00 0
[Thu Dec 24 23:05:15.121 2020]     0:04:24,T  23.58,H 104.59,0,  0.0,  0.0,0.000000,   0.0,  0.00,  0.00 0
[Thu Dec 24 23:05:35.132 2020]     0:04:44,T  23.59,H 104.61,0,  0.0,  0.0,0.000000,   0.0,  0.00,  0.00 0
[Thu Dec 24 23:05:55.127 2020]     0:05:05,T  23.60,H 104.61,0,  0.0,  0.0,0.000000,   0.0,  0.00,  0.00 0
[Thu Dec 24 23:06:15.137 2020]     0:05:25,T  23.61,H 104.68,0,  0.0,  0.0,0.000000,   0.0,  0.00,  0.00 0
[Thu Dec 24 23:06:35.147 2020]     0:05:45,T  23.61,H 104.69,0,  0.0,  0.0,0.000000,   0.0,  0.00,  0.00 0
[Thu Dec 24 23:06:55.142 2020]     0:06:06,T  23.62,H 104.69,0,  0.0,  0.0,0.000000,   0.0,  0.00,  0.00 0
[Thu Dec 24 23:07:15.153 2020]     0:06:26,T  23.63,H 104.74,0,  0.0,  0.0,0.000000,   0.0,  0.00,  0.00 0
[Thu Dec 24 23:07:35.148 2020]     0:06:46,T  23.63,H 104.74,0,  0.0,  0.0,0.000000,   0.0,  0.00,  0.00 0
[Thu Dec 24 23:07:55.157 2020]     0:07:07,T  23.63,H 104.80,0,  0.0,  0.0,0.000000,   0.0,  0.00,  0.00 0
[Thu Dec 24 23:08:15.151 2020]     0:07:27,T  23.64,H 104.80,0,  0.0,  0.0,0.000000,   0.0,  0.00,  0.00 0
[Thu Dec 24 23:08:35.162 2020]     0:07:47,T  23.65,H 104.85,0,  0.0,  0.0,0.000000,   0.0,  0.00,  0.00 0
[Thu Dec 24 23:08:55.172 2020]     0:08:08,T  23.65,H 104.86,0,  0.0,  0.0,0.000000,   0.0,  0.00,  0.00 0
[Thu Dec 24 23:09:15.168 2020]     0:08:28,T  23.65,H 104.85,0,  0.0,  0.0,0.000000,   0.0,  0.00,  0.00 0
[Thu Dec 24 23:09:35.177 2020]     0:08:48,T  23.65,H 104.86,0,  0.0,  0.0,0.000000,   0.0,  0.00,  0.00 0
[Thu Dec 24 23:09:44.342 2020] 
[Thu Dec 24 23:09:44.342 2020] STARTUP after initHW() pidGrowbox together with stateGrowbox
[Thu Dec 24 23:09:44.374 2020] printCsvHeader
[Thu Dec 24 23:09:44.391 2020] time,temp_inBox,humid_inBox,triacFireDuration,pVal,iVal,dVal,goal_temp,twaTemp,twaAbsTempDiff
[Thu Dec 24 23:09:44.439 2020] seconds,°C,triacTx,real,real,real,°C,real,real,relais1OnOff
[Thu Dec 24 23:09:44.470 2020] CHumidityStateClass::entryStateGrowBoxKeepingHumidity
[Thu Dec 24 23:09:44.503 2020] CHumidityStateClass::entryStateHumidityControlRunning
[Thu Dec 24 23:09:44.519 2020] CHumidityStateClass::entryStateIdle
[Thu Dec 24 23:09:44.535 2020] CHumidityStateClass::entryStateVentilating
[Thu Dec 24 23:09:44.567 2020] TriacHumidityTemperature statechart started
[Thu Dec 24 23:09:44.583 2020] 
[Thu Dec 24 23:09:44.583 2020] STARTUP DONE pidGrowbox together with stateGrowbox
[Thu Dec 24 23:10:01.378 2020] 
[Thu Dec 24 23:10:01.378 2020] STARTUP after initHW() pidGrowbox together with stateGrowbox
[Thu Dec 24 23:10:01.410 2020] printCsvHeader
[Thu Dec 24 23:10:01.410 2020] time,temp_inBox,humid_inBox,
[Thu Dec 24 23:10:01.426 2020] dry low limit,dry high limit,relais1OnOff
[Thu Dec 24 23:10:01.457 2020] CHumidityStateClass::entryStateGrowBoxKeepingHumidity
[Thu Dec 24 23:10:01.490 2020] CHumidityStateClass::entryStateHumidityControlRunning
[Thu Dec 24 23:10:01.506 2020] CHumidityStateClass::entryStateIdle
[Thu Dec 24 23:10:01.521 2020] CHumidityStateClass::entryStateVentilating
[Thu Dec 24 23:10:01.554 2020] TriacHumidityTemperature statechart started
[Thu Dec 24 23:10:01.569 2020] 
[Thu Dec 24 23:10:01.569 2020] STARTUP DONE pidGrowbox together with stateGrowbox
[Thu Dec 24 23:10:12.528 2020] 
[Thu Dec 24 23:10:12.528 2020] STARTUP after initHW() pidGrowbox together with stateGrowbox
[Thu Dec 24 23:10:12.559 2020] printCsvHeader
[Thu Dec 24 23:10:12.559 2020] time,temp_inBox,humid_inBox,
[Thu Dec 24 23:10:12.575 2020] dry low limit,dry high limit,relais1OnOff
[Thu Dec 24 23:10:12.591 2020] CHumidityStateClass::entryStateGrowBoxKeepingHumidity
[Thu Dec 24 23:10:12.623 2020] CHumidityStateClass::entryStateHumidityControlRunning
[Thu Dec 24 23:10:12.654 2020] CHumidityStateClass::entryStateIdle
[Thu Dec 24 23:10:12.671 2020] CHumidityStateClass::entryStateVentilating
[Thu Dec 24 23:10:12.687 2020] TriacHumidityTemperature statechart started
[Thu Dec 24 23:10:12.720 2020] 
[Thu Dec 24 23:10:12.720 2020] STARTUP DONE pidGrowbox together with stateGrowbox
[Thu Dec 24 23:10:32.521 2020]     0:00:20,T  23.68,H 104.94,  0.0,  0.0, 0
[Thu Dec 24 23:10:52.533 2020]     0:00:40,T  23.68,H 104.96,  0.0,  0.0, 0
[Thu Dec 24 23:11:12.526 2020]     0:01:01,T  23.68,H 104.96,  0.0,  0.0, 0
[Thu Dec 24 23:11:32.536 2020]     0:01:21,T  23.66,H 104.96,  0.0,  0.0, 0
[Thu Dec 24 23:11:52.531 2020]     0:01:41,T  23.64,H 104.92,  0.0,  0.0, 0
[Thu Dec 24 23:12:12.541 2020]     0:02:02,T  23.63,H 104.89,  0.0,  0.0, 0
[Thu Dec 24 23:12:32.551 2020]     0:02:22,T  23.62,H 104.87,  0.0,  0.0, 0
[Thu Dec 24 23:12:52.545 2020]     0:02:42,T  23.61,H 104.79,  0.0,  0.0, 0
[Thu Dec 24 23:13:12.556 2020]     0:03:03,T  23.59,H 104.73,  0.0,  0.0, 0
[Thu Dec 24 23:13:12.572 2020] CHumidityStateClass::exitStateVentilating
[Thu Dec 24 23:13:12.604 2020] CHumidityStateClass::entryStateNonVentilating
[Thu Dec 24 23:13:31.910 2020] 
[Thu Dec 24 23:13:31.910 2020] STARTUP after initHW() pidGrowbox together with stateGrowbox
[Thu Dec 24 23:13:31.942 2020] printCsvHeader
[Thu Dec 24 23:13:31.958 2020] time,temp_inBox,humid_inBox,
[Thu Dec 24 23:13:31.975 2020] dry low limit,dry high limit,relais1OnOff
[Thu Dec 24 23:13:31.991 2020] CHumidityStateClass::entryStateGrowBoxKeepingHumidity
[Thu Dec 24 23:13:32.022 2020] CHumidityStateClass::entryStateHumidityControlRunning
[Thu Dec 24 23:13:32.038 2020] CHumidityStateClass::entryStateIdle
[Thu Dec 24 23:13:32.071 2020] CHumidityStateClass::entryStateVentilating
[Thu Dec 24 23:13:32.087 2020] TriacHumidityTemperature statechart started
[Thu Dec 24 23:13:32.103 2020] 
[Thu Dec 24 23:13:32.103 2020] STARTUP DONE pidGrowbox together with stateGrowbox
[Thu Dec 24 23:13:49.138 2020] 
[Thu Dec 24 23:13:49.138 2020] STARTUP after initHW() pidGrowbox together with stateGrowbox
[Thu Dec 24 23:13:49.169 2020] printCsvHeader
[Thu Dec 24 23:13:49.186 2020] time,temp_inBox,humid_inBox,
[Thu Dec 24 23:13:49.201 2020] dry low limit,dry high limit,relais1OnOff
[Thu Dec 24 23:13:49.217 2020] CHumidityStateClass::entryStateGrowBoxKeepingHumidity
[Thu Dec 24 23:13:49.249 2020] CHumidityStateClass::entryStateHumidityControlRunning
[Thu Dec 24 23:13:49.265 2020] CHumidityStateClass::entryStateIdle
[Thu Dec 24 23:13:49.298 2020] CHumidityStateClass::entryStateVentilating
[Thu Dec 24 23:13:49.314 2020] TriacHumidityTemperature statechart started
[Thu Dec 24 23:13:49.330 2020] 
[Thu Dec 24 23:13:49.330 2020] STARTUP DONE pidGrowbox together with stateGrowbox
[Thu Dec 24 23:14:00.302 2020] 
[Thu Dec 24 23:14:00.302 2020] STARTUP after initHW() pidGrowbox together with stateGrowbox
[Thu Dec 24 23:14:00.335 2020] printCsvHeader
[Thu Dec 24 23:14:00.335 2020] time,temp_inBox,humid_inBox,
[Thu Dec 24 23:14:00.351 2020] dry low limit,dry high limit,relais1OnOff
[Thu Dec 24 23:14:00.382 2020] CHumidityStateClass::entryStateGrowBoxKeepingHumidity
[Thu Dec 24 23:14:00.398 2020] CHumidityStateClass::entryStateHumidityControlRunning
[Thu Dec 24 23:14:00.430 2020] CHumidityStateClass::entryStateIdle
[Thu Dec 24 23:14:00.447 2020] CHumidityStateClass::entryStateVentilating
[Thu Dec 24 23:14:00.479 2020] TriacHumidityTemperature statechart started
[Thu Dec 24 23:14:00.495 2020] 
[Thu Dec 24 23:14:00.495 2020] STARTUP DONE pidGrowbox together with stateGrowbox
[Thu Dec 24 23:14:20.297 2020]     0:00:20,T  23.62,H 104.68,  0.0,  0.0, 0
[Thu Dec 24 23:14:20.330 2020] do you believe it?    0:00:40,T  23.64,H 104.68,  0.0,  0.0, 0
[Thu Dec 24 23:14:40.324 2020] do you believe it?    0:01:01,T  23.63,H 104.70,  0.0,  0.0, 0
[Thu Dec 24 23:15:00.334 2020] do you believe it?
[Thu Dec 24 23:16:48.628 2020]     0:00:20,T  23.60,H 104.60,  0.0,  0.0, 0
[Thu Dec 24 23:16:48.643 2020] do you believe it?maybe this works    0:00:40,T  23.60,H 104.56,  0.0,  0.0, 0
[Thu Dec 24 23:17:08.654 2020] do you believe it?maybe this works    0:01:01,T  23.60,H 104.60,  0.0,  0.0, 0
[Thu Dec 24 23:17:28.649 2020] do you believe it?maybe this works    0:01:21,T  23.58,H 104.57,  0.0,  0.0, 0
[Thu Dec 24 23:17:48.659 2020] do you believe it?maybe this works    0:01:41,T  23.58,H 104.55,  0.0,  0.0, 0
[Thu Dec 24 23:18:08.653 2020] do you believe it?maybe this works
[Thu Dec 24 23:18:26.408 2020] STARTUP after initHW() pidGrowbox together with stateGrowbox
[Thu Dec 24 23:18:26.440 2020] printCsvHeader
[Thu Dec 24 23:18:26.440 2020] time,temp_inBox,humid_inBox,
[Thu Dec 24 23:18:26.456 2020] dry low limit,dry high limit,relais1OnOff
[Thu Dec 24 23:18:26.489 2020] CHumidityStateClass::entryStateGrowBoxKeepingHumidity
[Thu Dec 24 23:18:26.520 2020] CHumidityStateClass::entryStateHumidityControlRunning
[Thu Dec 24 23:18:26.537 2020] CHumidityStateClass::entryStateIdle
[Thu Dec 24 23:18:26.552 2020] CHumidityStateClass::entryStateVentilating
[Thu Dec 24 23:18:26.584 2020] TriacHumidityTemperature statechart started
[Thu Dec 24 23:18:26.600 2020] 
[Thu Dec 24 23:18:26.600 2020] STARTUP DONE pidGrowbox together with stateGrowbox
[Thu Dec 24 23:18:42.116 2020] 
[Thu Dec 24 23:18:42.116 2020] STARTUP after initHW() pidGrowbox together with stateGrowbox
[Thu Dec 24 23:18:42.148 2020] printCsvHeader
[Thu Dec 24 23:18:42.148 2020] time,temp_inBox,humid_inBox,
[Thu Dec 24 23:18:42.164 2020] dry low limit,dry high limit,relais1OnOff
[Thu Dec 24 23:18:42.196 2020] CHumidityStateClass::entryStateGrowBoxKeepingHumidity
[Thu Dec 24 23:18:42.212 2020] CHumidityStateClass::entryStateHumidityControlRunning
[Thu Dec 24 23:18:42.244 2020] CHumidityStateClass::entryStateIdle
[Thu Dec 24 23:18:42.260 2020] CHumidityStateClass::entryStateVentilating
[Thu Dec 24 23:18:42.292 2020] TriacHumidityTemperature statechart started
[Thu Dec 24 23:18:42.308 2020] 
[Thu Dec 24 23:18:42.308 2020] STARTUP DONE pidGrowbox together with stateGrowbox
[Thu Dec 24 23:18:53.313 2020] 
[Thu Dec 24 23:18:53.313 2020] STARTUP after initHW() pidGrowbox together with stateGrowbox
[Thu Dec 24 23:18:53.345 2020] printCsvHeader
[Thu Dec 24 23:18:53.361 2020] time,temp_inBox,humid_inBox,
[Thu Dec 24 23:18:53.377 2020] dry low limit,dry high limit,relais1OnOff
[Thu Dec 24 23:18:53.393 2020] CHumidityStateClass::entryStateGrowBoxKeepingHumidity
[Thu Dec 24 23:18:53.425 2020] CHumidityStateClass::entryStateHumidityControlRunning
[Thu Dec 24 23:18:53.456 2020] CHumidityStateClass::entryStateIdle
[Thu Dec 24 23:18:53.473 2020] CHumidityStateClass::entryStateVentilating
[Thu Dec 24 23:18:53.489 2020] TriacHumidityTemperature statechart started
[Thu Dec 24 23:18:53.521 2020] 
[Thu Dec 24 23:18:53.521 2020] STARTUP DONE pidGrowbox together with stateGrowbox
[Thu Dec 24 23:19:13.323 2020]     0:00:20,T  23.57,H 104.53,  0.0,  0.0, 0
[Thu Dec 24 23:19:33.639 2020]     0:00:40,T  23.58,H 104.53,  0.0,  0.0, 0
[Thu Dec 24 23:19:53.328 2020]     0:01:01,T  23.57,H 104.57,  0.0,  0.0, 0
[Thu Dec 24 23:20:13.339 2020]     0:01:21,T  23.57,H 104.53,  0.0,  0.0, 0
[Thu Dec 24 23:20:33.334 2020]     0:01:41,T  23.56,H 104.53,  0.0,  0.0, 0
[Thu Dec 24 23:20:53.343 2020]     0:02:02,T  23.55,H 104.49,  0.0,  0.0, 0
[Thu Dec 24 23:21:13.353 2020]     0:02:22,T  23.53,H 104.52,  0.0,  0.0, 0
[Thu Dec 24 23:21:33.348 2020]     0:02:42,T  23.53,H 104.46,  0.0,  0.0, 0
[Thu Dec 24 23:21:53.359 2020]     0:0
[Thu Dec 24 23:21:53.359 2020] STARTUP after initHW() pidGrowbox together with stateGrowbox
[Thu Dec 24 23:21:53.391 2020] printCsvHeader
[Thu Dec 24 23:21:53.407 2020] time,temp_inBox,humid_inBox,
[Thu Dec 24 23:21:53.422 2020] dry low limit,dry high limit,relais1OnOff
[Thu Dec 24 23:21:53.438 2020] CHumidityStateClass::entryStateGrowBoxKeepingHumidity
[Thu Dec 24 23:21:53.470 2020] CHumidityStateClass::entryStateHumidityControlRunning
[Thu Dec 24 23:21:53.486 2020] CHumidityStateClass::entryStateIdle
[Thu Dec 24 23:21:53.518 2020] CHumidityStateClass::entryStateVentilating
[Thu Dec 24 23:21:53.536 2020] TriacHumidityTemperature statechart started
[Thu Dec 24 23:21:53.556 2020] 
[Thu Dec 24 23:21:53.556 2020] STARTUP DONE pidGrowbox together with stateGrowbox
[Thu Dec 24 23:22:13.367 2020]     0:00:20,T  23.53,H 104.43,  0.0,  0.0, 0
[Thu Dec 24 23:22:33.362 2020]     0:00:40,T  23.52,H 104.38,  0.0,  0.0, 0
[Thu Dec 24 23:22:53.372 2020]     0:01:01,T  23.51,H 104.36,  0.0,  0.0, 0
[Thu Dec 24 23:23:13.367 2020]     0:01:21,T  23.51,H 104.40,  0.0,  0.0, 0
[Thu Dec 24 23:23:32.833 2020] 
[Thu Dec 24 23:23:32.833 2020] STARTUP after initHW() pidGrowbox together with stateGrowbox
[Thu Dec 24 23:23:32.865 2020] printCsvHeader
[Thu Dec 24 23:23:32.882 2020] time,temp_inBox,humid_inBox,
[Thu Dec 24 23:23:32.897 2020] dry low limit,dry high limit,relais1OnOff
[Thu Dec 24 23:23:32.913 2020] CHumidityStateClass::entryStateGrowBoxKeepingHumidity
[Thu Dec 24 23:23:32.946 2020] CHumidityStateClass::entryStateHumidityControlRunning
[Thu Dec 24 23:23:32.963 2020] CHumidityStateClass::entryStateIdle
[Thu Dec 24 23:23:32.994 2020] CHumidityStateClass::entryStateVentilating
[Thu Dec 24 23:23:33.009 2020] TriacHumidityTemperature statechart started
[Thu Dec 24 23:23:33.025 2020] 
[Thu Dec 24 23:23:33.025 2020] STARTUP DONE pidGrowbox together with stateGrowbox
[Thu Dec 24 23:23:49.181 2020] 
[Thu Dec 24 23:23:49.196 2020] STARTUP after initHW() pidGrowbox together with stateGrowbox
[Thu Dec 24 23:23:49.229 2020] printCsvHeader
[Thu Dec 24 23:23:49.229 2020] time,temp_inBox,humid_inBox,relais1OnOff,dry low limit,dry high limit
[Thu Dec 24 23:23:49.261 2020] CHumidityStateClass::entryStateGrowBoxKeepingHumidity
[Thu Dec 24 23:23:49.292 2020] CHumidityStateClass::entryStateHumidityControlRunning
[Thu Dec 24 23:23:49.325 2020] CHumidityStateClass::entryStateIdle
[Thu Dec 24 23:23:49.341 2020] CHumidityStateClass::entryStateVentilating
[Thu Dec 24 23:23:49.357 2020] TriacHumidityTemperature statechart started
[Thu Dec 24 23:23:49.389 2020] 
[Thu Dec 24 23:23:49.389 2020] STARTUP DONE pidGrowbox together with stateGrowbox
[Thu Dec 24 23:24:00.329 2020] 
[Thu Dec 24 23:24:00.329 2020] STARTUP after initHW() pidGrowbox together with stateGrowbox
[Thu Dec 24 23:24:00.362 2020] printCsvHeader
[Thu Dec 24 23:24:00.362 2020] time,temp_inBox,humid_inBox,relais1OnOff,dry low limit,dry high limit
[Thu Dec 24 23:24:00.409 2020] CHumidityStateClass::entryStateGrowBoxKeepingHumidity
[Thu Dec 24 23:24:00.426 2020] CHumidityStateClass::entryStateHumidityControlRunning
[Thu Dec 24 23:24:00.457 2020] CHumidityStateClass::entryStateIdle
[Thu Dec 24 23:24:00.474 2020] CHumidityStateClass::entryStateVentilating
[Thu Dec 24 23:24:00.506 2020] TriacHumidityTemperature statechart started
[Thu Dec 24 23:24:00.521 2020] 
[Thu Dec 24 23:24:00.521 2020] STARTUP DONE pidGrowbox together with stateGrowbox
[Thu Dec 24 23:24:20.324 2020]     0:00:20,T  23.53,H 104.43, 1,  0.0,  0.0
[Thu Dec 24 23:24:40.335 2020]     0:00:40,T  23.53,H 104.44, 1,  0.0,  0.0
[Thu Dec 24 23:25:00.330 2020]     0:01:01,T  23.53,H 104.48, 1,  0.0,  0.0
[Thu Dec 24 23:25:20.340 2020]     0:01:21,T  23.52,H 104.46, 1,  0.0,  0.0
[Thu Dec 24 23:25:40.350 2020]     0:01:41,T  23.52,H 104.42, 1,  0.0,  0.0
[Thu Dec 24 23:25:55.946 2020] 
[Thu Dec 24 23:25:55.946 2020] STARTUP after initHW() pidGrowbox together with stateGrowbox
[Thu Dec 24 23:25:55.979 2020] printCsvHeader
[Thu Dec 24 23:25:55.995 2020] time,temp_inBox,humid_inBox,relais1OnOff,dry low limit,dry high limit
[Thu Dec 24 23:25:56.027 2020] CHumidityStateClass::entryStateGrowBoxKeepingHumidity
[Thu Dec 24 23:25:56.060 2020] CHumidityStateClass::entryStateHumidityControlRunning
[Thu Dec 24 23:25:56.091 2020] CHumidityStateClass::entryStateIdle
[Thu Dec 24 23:25:56.107 2020] CHumidityStateClass::entryStateVentilating
[Thu Dec 24 23:25:56.124 2020] TriacHumidityTemperature statechart started
[Thu Dec 24 23:25:56.155 2020] 
[Thu Dec 24 23:25:56.155 2020] STARTUP DONE pidGrowbox together with stateGrowbox
[Thu Dec 24 23:26:11.766 2020] 
[Thu Dec 24 23:26:11.766 2020] STARTUP after initHW() pidGrowbox together with stateGrowbox
[Thu Dec 24 23:26:11.797 2020] printCsvHeader
[Thu Dec 24 23:26:11.798 2020] time,temp_inBox,humid_inBox,relais1OnOff,dry low limit,dry high limit
[Thu Dec 24 23:26:11.846 2020] CHumidityStateClass::entryStateGrowBoxKeepingHumidity
[Thu Dec 24 23:26:11.863 2020] CHumidityStateClass::entryStateHumidityControlRunning
[Thu Dec 24 23:26:11.894 2020] CHumidityStateClass::entryStateIdle
[Thu Dec 24 23:26:11.910 2020] CHumidityStateClass::entryStateVentilating
[Thu Dec 24 23:26:11.943 2020] TriacHumidityTemperature statechart started
[Thu Dec 24 23:26:11.958 2020] 
[Thu Dec 24 23:26:11.958 2020] STARTUP DONE pidGrowbox together with staþ
[Thu Dec 24 23:26:22.851 2020] STARTUP after initHW() pidGrowbox together with stateGrowbox
[Thu Dec 24 23:26:22.883 2020] printCsvHeader
[Thu Dec 24 23:26:22.899 2020] time,temp_inBox,humid_inBox,relais1OnOff,dry low limit,dry high limit
[Thu Dec 24 23:26:22.931 2020] CHumidityStateClass::entryStateGrowBoxKeepingHumidity
[Thu Dec 24 23:26:22.963 2020] CHumidityStateClass::entryStateHumidityControlRunning
[Thu Dec 24 23:26:22.995 2020] CHumidityStateClass::entryStateIdle
[Thu Dec 24 23:26:23.011 2020] CHumidityStateClass::entryStateVentilating
[Thu Dec 24 23:26:23.027 2020] TriacHumidityTemperature statechart started
[Thu Dec 24 23:26:23.058 2020] 
[Thu Dec 24 23:26:23.059 2020] STARTUP DONE pidGrowbox together with stateGrowbox
[Thu Dec 24 23:26:42.861 2020]     0:00:20,T  23.53,H 104.48, 1,106.0,106.5
[Thu Dec 24 23:27:02.855 2020]     0:00:40,T  23.53,H 104.48, 1,106.0,106.5
[Thu Dec 24 23:27:22.866 2020]     0:01:01,T  23.53,H 104.52, 1,106.0,106.5
[Thu Dec 24 23:27:42.876 2020]     0:01:21,T  23.51,H 104.50, 1,106.0,106.5
[Thu Dec 24 23:28:02.870 2020]     0:01:41,T  23.52,H 104.51, 1,106.0,106.5
[Thu Dec 24 23:28:22.881 2020]     0:02:02,T  23.51,H 104.47, 1,106.0,106.5
[Thu Dec 24 23:28:42.876 2020]     0:02:22,T  23.51,H 104.46, 1,106.0,106.5
[Thu Dec 24 23:29:02.886 2020]     0:02:42,T  23.50,H 104.43, 1,106.0,106.5
[Thu Dec 24 23:29:22.880 2020]     0:03:03,T  23.50,H 104.47, 1,106.0,106.5
[Thu Dec 24 23:29:22.912 2020] CHumidityStateClass::exitStateVentilating
[Thu Dec 24 23:29:22.929 2020] CHumidityStateClass::entryStateNonVentilating
[Thu Dec 24 23:29:42.890 2020]     0:03:23,T  23.50,H 104.42, 0,106.0,106.5
[Thu Dec 24 23:30:02.901 2020]     0:03:43,T  23.51,H 104.44, 0,106.0,106.5
[Thu Dec 24 23:30:22.895 2020]     0:04:04,T  23.53,H 104.48, 0,106.0,106.5
[Thu Dec 24 23:30:42.906 2020]     0:04:24,T  23.55,H 104.53, 0,106.0,106.5
[Thu Dec 24 23:31:02.900 2020]     0:04:44,T  23.55,H 104.58, 0,106.0,106.5
[Thu Dec 24 23:31:22.910 2020]     0:05:05,T  23.56,H 104.63, 0,106.0,106.5
[Thu Dec 24 23:31:42.921 2020]     0:05:25,T  23.56,H 104.68, 0,106.0,106.5
[Thu Dec 24 23:32:02.915 2020]     0:05:45,T  23.57,H 104.71, 0,106.0,106.5
[Thu Dec 24 23:32:22.926 2020]     0:06:06,T  23.58,H 104.76, 0,106.0,106.5
[Thu Dec 24 23:32:42.921 2020]     0:06:26,T  23.59,H 104.79, 0,106.0,106.5
[Thu Dec 24 23:33:02.930 2020]     0:06:46,T  23.59,H 104.81, 0,106.0,106.5
[Thu Dec 24 23:33:22.925 2020]     0:07:07,T  23.59,H 104.86, 0,106.0,106.5
[Thu Dec 24 23:33:42.936 2020]     0:07:27,T  23.60,H 104.86, 0,106.0,106.5
[Thu Dec 24 23:34:02.946 2020]     0:07:47,T  23.61,H 104.91, 0,106.0,106.5
[Thu Dec 24 23:34:22.941 2020]     0:08:08,T  23.60,H 104.93, 0,106.0,106.5
[Thu Dec 24 23:34:42.951 2020]     0:08:28,T  23.61,H 104.95, 0,106.0,106.5
[Thu Dec 24 23:35:02.945 2020]     0:08:48,T  23.61,H 104.99, 0,106.0,106.5
[Thu Dec 24 23:35:22.955 2020]     0:09:09,T  23.61,H 104.99, 0,106.0,106.5
[Thu Dec 24 23:35:42.966 2020]     0:09:29,T  23.61,H 105.01, 0,106.0,106.5
[Thu Dec 24 23:36:02.961 2020]     0:09:49,T  23.62,H 105.01, 0,106.0,106.5
[Thu Dec 24 23:36:22.971 2020]     0:10:10,T  23.62,H 105.04, 0,106.0,106.5
[Thu Dec 24 23:36:42.966 2020]     0:10:30,T  23.62,H 105.04, 0,106.0,106.5
[Thu Dec 24 23:37:02.975 2020]     0:10:50,T  23.61,H 105.04, 0,106.0,106.5
[Thu Dec 24 23:37:22.971 2020]     0:11:11,T  23.62,H 105.08, 0,106.0,106.5
[Thu Dec 24 23:37:42.981 2020]     0:11:31,T  23.62,H 105.07, 0,106.0,106.5
[Thu Dec 24 23:38:02.991 2020]     0:11:51,T  23.63,H 105.13, 0,106.0,106.5
[Thu Dec 24 23:38:22.985 2020]     0:12:12,T  23.62,H 105.11, 0,106.0,106.5
[Thu Dec 24 23:38:42.996 2020]     0:12:32,T  23.62,H 105.08, 0,106.0,106.5
[Thu Dec 24 23:39:02.990 2020]     0:12:52,T  23.62,H 105.11, 0,106.0,106.5
[Thu Dec 24 23:39:23.000 2020]     0:13:13,T  23.62,H 105.14, 0,106.0,106.5
[Thu Dec 24 23:39:43.011 2020]     0:13:33,T  23.63,H 105.13, 0,106.0,106.5
[Thu Dec 24 23:40:03.006 2020]     0:13:53,T  23.63,H 105.17, 0,106.0,106.5
[Thu Dec 24 23:40:23.017 2020]     0:14:14,T  23.63,H 105.15, 0,106.0,106.5
[Thu Dec 24 23:40:43.010 2020]     0:14:34,T  23.63,H 105.15, 0,106.0,106.5
[Thu Dec 24 23:41:03.021 2020]     0:14:54,T  23.62,H 105.14, 0,106.0,106.5
[Thu Dec 24 23:41:23.016 2020]     0:15:15,T  23.62,H 105.17, 0,106.0,106.5
[Thu Dec 24 23:41:43.026 2020]     0:15:35,T  23.62,H 105.14, 0,106.0,106.5
[Thu Dec 24 23:42:03.037 2020]     0:15:55,T  23.63,H 105.17, 0,106.0,106.5
[Thu Dec 24 23:42:23.030 2020]     0:16:16,T  23.63,H 105.19, 0,106.0,106.5
[Thu Dec 24 23:42:43.041 2020]     0:16:36,T  23.63,H 105.19, 0,106.0,106.5
[Thu Dec 24 23:43:03.035 2020]     0:16:56,T  23.63,H 105.15, 0,106.0,106.5
[Thu Dec 24 23:43:23.046 2020]     0:17:17,T  23.62,H 105.18, 0,106.0,106.5
[Thu Dec 24 23:43:43.057 2020]     0:17:37,T  23.63,H 105.19, 0,106.0,106.5
[Thu Dec 24 23:44:03.050 2020]     0:17:57,T  23.63,H 105.19, 0,106.0,106.5
[Thu Dec 24 23:44:23.061 2020]     0:18:18,T  23.63,H 105.22, 0,106.0,106.5
[Thu Dec 24 23:44:43.056 2020]     0:18:38,T  23.63,H 105.25, 0,106.0,106.5
[Thu Dec 24 23:45:03.066 2020]     0:18:58,T  23.63,H 105.22, 0,106.0,106.5
[Thu Dec 24 23:45:23.060 2020]     0:19:19,T  23.63,H 105.19, 0,106.0,106.5
[Thu Dec 24 23:45:43.071 2020]     0:19:39,T  23.63,H 105.22, 0,106.0,106.5
[Thu Dec 24 23:46:03.081 2020]     0:20:00,T  23.63,H 105.21, 0,106.0,106.5
[Thu Dec 24 23:46:23.076 2020]     0:20:20,T  23.63,H 105.25, 0,106.0,106.5
[Thu Dec 24 23:46:43.087 2020]     0:20:40,T  23.63,H 105.21, 0,106.0,106.5
[Thu Dec 24 23:47:03.081 2020]     0:21:01,T  23.63,H 105.19, 0,106.0,106.5
[Thu Dec 24 23:47:23.091 2020]     0:21:21,T  23.62,H 105.24, 0,106.0,106.5
[Thu Dec 24 23:47:43.103 2020]     0:21:41,T  23.62,H 105.21, 0,106.0,106.5
[Thu Dec 24 23:48:03.096 2020]     0:22:02,T  23.62,H 105.22, 0,106.0,106.5
[Thu Dec 24 23:48:23.106 2020]     0:22:22,T  23.63,H 105.21, 0,106.0,106.5
[Thu Dec 24 23:48:43.101 2020]     0:22:42,T  23.63,H 105.25, 0,106.0,106.5
[Thu Dec 24 23:49:03.111 2020]     0:23:03,T  23.62,H 105.24, 0,106.0,106.5
[Thu Dec 24 23:49:23.105 2020]     0:23:23,T  23.62,H 105.21, 0,106.0,106.5
[Thu Dec 24 23:49:43.117 2020]     0:23:43,T  23.63,H 105.21, 0,106.0,106.5
[Thu Dec 24 23:50:03.126 2020]     0:24:04,T  23.63,H 105.21, 0,106.0,106.5
[Thu Dec 24 23:50:23.121 2020]     0:24:24,T  23.62,H 105.21, 0,106.0,106.5
[Thu Dec 24 23:50:43.131 2020]     0:24:44,T  23.63,H 105.21, 0,106.0,106.5
[Thu Dec 24 23:51:03.125 2020]     0:25:05,T  23.63,H 105.21, 0,106.0,106.5
[Thu Dec 24 23:51:23.136 2020]     0:25:25,T  23.62,H 105.22, 0,106.0,106.5
[Thu Dec 24 23:51:43.146 2020]     0:25:45,T  23.62,H 105.21, 0,106.0,106.5
[Thu Dec 24 23:52:03.140 2020]     0:26:06,T  23.62,H 105.18, 0,106.0,106.5
[Thu Dec 24 23:52:23.152 2020]     0:26:26,T  23.62,H 105.22, 0,106.0,106.5
[Thu Dec 24 23:52:43.146 2020]     0:26:46,T  23.62,H 105.21, 0,106.0,106.5
[Thu Dec 24 23:53:03.156 2020]     0:27:07,T  23.62,H 105.18, 0,106.0,106.5
[Thu Dec 24 23:53:23.150 2020]     0:27:27,T  23.62,H 105.18, 0,106.0,106.5
[Thu Dec 24 23:53:43.161 2020]     0:27:47,T  23.62,H 105.22, 0,106.0,106.5
[Thu Dec 24 23:54:03.171 2020]     0:28:08,T  23.62,H 105.24, 0,106.0,106.5
[Thu Dec 24 23:54:23.167 2020]     0:28:28,T  23.62,H 105.24, 0,106.0,106.5
[Thu Dec 24 23:54:43.176 2020]     0:28:48,T  23.61,H 105.18, 0,106.0,106.5
[Thu Dec 24 23:55:03.171 2020]     0:29:09,T  23.62,H 105.21, 0,106.0,106.5
[Thu Dec 24 23:55:23.181 2020]     0:29:29,T  23.60,H 105.24, 0,106.0,106.5
[Thu Dec 24 23:55:43.192 2020]     0:29:49,T  23.60,H 105.20, 0,106.0,106.5
[Thu Dec 24 23:56:03.186 2020]     0:30:10,T  23.61,H 105.18, 0,106.0,106.5
[Thu Dec 24 23:56:23.196 2020]     0:30:30,T  23.61,H 105.21, 0,106.0,106.5
[Thu Dec 24 23:56:23.214 2020] CHumidityStateClass::exitStateNonVentilating
[Thu Dec 24 23:56:23.245 2020] CHumidityStateClass::entryStateVentilating
[Thu Dec 24 23:56:43.191 2020]     0:30:50,T  23.62,H 105.24, 1,106.0,106.5
[Thu Dec 24 23:57:03.201 2020]     0:31:11,T  23.62,H 105.24, 1,106.0,106.5
[Thu Dec 24 23:57:23.195 2020]     0:31:31,T  23.62,H 105.30, 1,106.0,106.5
[Thu Dec 24 23:57:43.206 2020]     0:31:51,T  23.61,H 105.28, 1,106.0,106.5
[Thu Dec 24 23:58:03.216 2020]     0:32:12,T  23.59,H 105.24, 1,106.0,106.5
[Thu Dec 24 23:58:23.211 2020]     0:32:32,T  23.58,H 105.25, 1,106.0,106.5
[Thu Dec 24 23:58:43.221 2020]     0:32:52,T  23.56,H 105.21, 1,106.0,106.5
[Thu Dec 24 23:59:03.216 2020]     0:33:13,T  23.54,H 105.14, 1,106.0,106.5
[Thu Dec 24 23:59:23.227 2020] CHumidityStateClass::exitStateVentilating
[Thu Dec 24 23:59:23.243 2020] CHumidityStateClass::entryStateNonVentilating
[Thu Dec 24 23:59:23.277 2020]     0:33:33,T  23.53,H 105.04, 0,106.0,106.5
[Thu Dec 24 23:59:43.220 2020]     0:33:53,T  23.51,H 105.00, 0,106.0,106.5
[Fri Dec 25 00:00:03.231 2020]     0:34:14,T  23.53,H 104.99, 0,106.0,106.5
[Fri Dec 25 00:00:23.242 2020]     0:34:34,T  23.53,H 104.99, 0,106.0,106.5
[Fri Dec 25 00:00:43.236 2020]     0:34:54,T  23.54,H 104.95, 0,106.0,106.5
[Fri Dec 25 00:01:03.246 2020]     0:35:15,T  23.54,H 104.95, 0,106.0,106.5
[Fri Dec 25 00:01:23.241 2020]     0:35:35,T  23.54,H 104.97, 0,106.0,106.5
[Fri Dec 25 00:01:43.251 2020]     0:35:55,T  23.54,H 104.97, 0,106.0,106.5
[Fri Dec 25 00:02:03.262 2020]     0:36:16,T  23.55,H 105.00, 0,106.0,106.5
[Fri Dec 25 00:02:23.257 2020]     0:36:36,T  23.54,H 105.03, 0,106.0,106.5
[Fri Dec 25 00:02:43.266 2020]     0:36:56,T  23.54,H 104.95, 0,106.0,106.5
[Fri Dec 25 00:03:03.261 2020]     0:37:17,T  23.54,H 105.00, 0,106.0,106.5
[Fri Dec 25 00:03:23.272 2020]     0:37:37,T  23.54,H 105.03, 0,106.0,106.5
[Fri Dec 25 00:03:43.266 2020]     0:37:57,T  23.54,H 105.03, 0,106.0,106.5
[Fri Dec 25 00:04:03.276 2020]     0:38:18,T  23.54,H 105.04, 0,106.0,106.5
[Fri Dec 25 00:04:23.287 2020]     0:38:38,T  23.54,H 105.03, 0,106.0,106.5
[Fri Dec 25 00:04:43.281 2020]     0:38:58,T  23.53,H 105.04, 0,106.0,106.5
[Fri Dec 25 00:05:03.292 2020]     0:39:19,T  23.54,H 105.08, 0,106.0,106.5
[Fri Dec 25 00:05:23.286 2020]     0:39:39,T  23.53,H 105.03, 0,106.0,106.5
[Fri Dec 25 00:05:43.297 2020]     0:40:00,T  23.53,H 105.03, 0,106.0,106.5
[Fri Dec 25 00:06:03.307 2020]     0:40:20,T  23.53,H 105.07, 0,106.0,106.5
[Fri Dec 25 00:06:23.302 2020]     0:40:40,T  23.53,H 105.07, 0,106.0,106.5
[Fri Dec 25 00:06:43.311 2020]     0:41:01,T  23.53,H 105.11, 0,106.0,106.5
[Fri Dec 25 00:07:03.306 2020]     0:41:21,T  23.54,H 105.08, 0,106.0,106.5
[Fri Dec 25 00:07:23.316 2020]     0:41:41,T  23.54,H 105.08, 0,106.0,106.5
[Fri Dec 25 00:07:43.310 2020]     0:42:02,T  23.53,H 105.13, 0,106.0,106.5
[Fri Dec 25 00:08:03.322 2020]     0:42:22,T  23.53,H 105.13, 0,106.0,106.5
[Fri Dec 25 00:08:23.331 2020]     0:42:42,T  23.53,H 105.13, 0,106.0,106.5
[Fri Dec 25 00:08:43.326 2020]     0:43:03,T  23.53,H 105.13, 0,106.0,106.5
[Fri Dec 25 00:09:03.338 2020]     0:43:23,T  23.53,H 105.14, 0,106.0,106.5
[Fri Dec 25 00:09:23.330 2020]     0:43:43,T  23.53,H 105.14, 0,106.0,106.5
[Fri Dec 25 00:09:43.341 2020]     0:44:04,T  23.53,H 105.13, 0,106.0,106.5
[Fri Dec 25 00:10:03.353 2020]     0:44:24,T  23.54,H 105.17, 0,106.0,106.5
[Fri Dec 25 00:10:23.346 2020]     0:44:44,T  23.53,H 105.17, 0,106.0,106.5
[Fri Dec 25 00:10:43.358 2020]     0:45:05,T  23.53,H 105.20, 0,106.0,106.5
[Fri Dec 25 00:11:03.351 2020]     0:45:25,T  23.52,H 105.16, 0,106.0,106.5
[Fri Dec 25 00:11:23.362 2020]     0:45:45,T  23.52,H 105.16, 0,106.0,106.5
[Fri Dec 25 00:11:43.356 2020]     0:46:06,T  23.52,H 105.16, 0,106.0,106.5
[Fri Dec 25 00:12:03.366 2020]     0:46:26,T  23.52,H 105.19, 0,106.0,106.5
[Fri Dec 25 00:12:23.377 2020]     0:46:46,T  23.52,H 105.19, 0,106.0,106.5
[Fri Dec 25 00:12:43.371 2020]     0:47:07,T  23.52,H 105.21, 0,106.0,106.5
[Fri Dec 25 00:13:03.381 2020]     0:47:27,T  23.51,H 105.18, 0,106.0,106.5
[Fri Dec 25 00:13:23.377 2020]     0:47:47,T  23.53,H 105.22, 0,106.0,106.5
[Fri Dec 25 00:13:43.387 2020]     0:48:08,T  23.53,H 105.20, 0,106.0,106.5
[Fri Dec 25 00:14:03.397 2020]     0:48:28,T  23.51,H 105.21, 0,106.0,106.5
[Fri Dec 25 00:14:23.391 2020]     0:48:48,T  23.51,H 105.21, 0,106.0,106.5
[Fri Dec 25 00:14:43.402 2020]     0:49:09,T  23.51,H 105.21, 0,106.0,106.5
[Fri Dec 25 00:15:03.397 2020]     0:49:29,T  23.51,H 105.21, 0,106.0,106.5
[Fri Dec 25 00:15:23.407 2020]     0:49:49,T  23.51,H 105.21, 0,106.0,106.5
[Fri Dec 25 00:15:43.401 2020]     0:50:10,T  23.50,H 105.23, 0,106.0,106.5
[Fri Dec 25 00:16:03.412 2020]     0:50:30,T  23.51,H 105.24, 0,106.0,106.5
[Fri Dec 25 00:16:23.422 2020]     0:50:50,T  23.51,H 105.21, 0,106.0,106.5
[Fri Dec 25 00:16:43.416 2020]     0:51:11,T  23.50,H 105.21, 0,106.0,106.5
[Fri Dec 25 00:17:03.428 2020]     0:51:31,T  23.50,H 105.19, 0,106.0,106.5
[Fri Dec 25 00:17:23.420 2020]     0:51:51,T  23.50,H 105.21, 0,106.0,106.5
[Fri Dec 25 00:17:40.392 2020] 
[Fri Dec 25 00:17:40.392 2020] STARTUP after initHW() pidGrowbox together with stateGrowbox
[Fri Dec 25 00:17:40.424 2020] printCsvHeader
[Fri Dec 25 00:17:40.440 2020] time,temp_inBox,humid_inBox,relais1OnOff,dry low limit,dry high limit
[Fri Dec 25 00:17:40.472 2020] CHumidityStateClass::entryStateGrowBoxKeepingHumidity
[Fri Dec 25 00:17:40.504 2020] CHumidityStateClass::entryStateHumidityControlRunning
[Fri Dec 25 00:17:40.536 2020] CHumidityStateClass::entryStateIdle
[Fri Dec 25 00:17:40.552 2020] CHumidityStateClass::entryStateVentilating
[Fri Dec 25 00:17:40.568 2020] TriacHumidityTemperature statechart started
[Fri Dec 25 00:17:40.600 2020] 
[Fri Dec 25 00:17:40.600 2020] STARTUP DONE pidGrowbox together with stateGrowbox
[Fri Dec 25 00:17:56.579 2020] 
[Fri Dec 25 00:17:56.579 2020] STARTUP after initHW() pidGrowbox together with stateGrowbox
[Fri Dec 25 00:17:56.611 2020] printCsvHeader
[Fri Dec 25 00:17:56.627 2020] time,temp_inBox,humid_inBox,relais1OnOff,dry low limit,dry high limit
[Fri Dec 25 00:17:56.660 2020] CHumidityStateClass::entryStateGrowBoxKeepingHumidity
[Fri Dec 25 00:17:56.691 2020] CHumidityStateClass::entryStateHumidityControlRunning
[Fri Dec 25 00:17:56.707 2020] CHumidityStateClass::entryStateIdle
[Fri Dec 25 00:17:56.739 2020] CHumidityStateClass::entryStateVentilating
[Fri Dec 25 00:17:56.755 2020] TriacHumidityTemperature statechart started
[Fri Dec 25 00:17:56.771 2020] 
[Fri Dec 25 00:17:56.771 2020] STARTUP DONE pidGrowbox together with stateGrowbox
[Fri Dec 25 00:18:07.714 2020] 
[Fri Dec 25 00:18:07.714 2020] STARTUP after initHW() pidGrowbox together with stateGrowbox
[Fri Dec 25 00:18:07.744 2020] printCsvHeader
[Fri Dec 25 00:18:07.744 2020] time,temp_inBox,humid_inBox,relais1OnOff,dry low limit,dry high limit
[Fri Dec 25 00:18:07.792 2020] CHumidityStateClass::entryStateGrowBoxKeepingHumidity
[Fri Dec 25 00:18:07.823 2020] CHumidityStateClass::entryStateHumidityControlRunning
[Fri Dec 25 00:18:07.840 2020] CHumidityStateClass::entryStateIdle
[Fri Dec 25 00:18:07.857 2020] CHumidityStateClass::entryStateVentilating
[Fri Dec 25 00:18:07.888 2020] TriacHumidityTemperature statechart started
[Fri Dec 25 00:18:07.904 2020] 
[Fri Dec 25 00:18:07.904 2020] STARTUP DONE pidGrowbox together with stateGrowbox
[Fri Dec 25 00:18:10.128 2020] CHumid
[Fri Dec 25 00:18:10.144 2020] STARTUP after initHW() pidGrowbox together with stateGrowbox
[Fri Dec 25 00:18:10.176 2020] printCsvHeader
[Fri Dec 25 00:18:10.176 2020] time,temp_inBox,humid_inBox,relais1OnOff,dry low limit,dry high limit
[Fri Dec 25 00:18:10.207 2020] CHumidityStateClass::entryStateGrowBoxKeepingHumidity
[Fri Dec 25 00:18:10.240 2020] CHumidityStateClass::entryStateHumidityControlRunning
[Fri Dec 25 00:18:10.272 2020] CHumidityStateClass::entryStateIdle
[Fri Dec 25 00:18:10.288 2020] CHumidityStateClass::entryStateVentilating
[Fri Dec 25 00:18:10.303 2020] TriacHumidityTemperature statechart started
[Fri Dec 25 00:18:10.335 2020] 
[Fri Dec 25 00:18:10.335 2020] STARTUP DONE pidGrowbox together with stateGrowbox
[Fri Dec 25 00:18:15.198 2020] CHumidityStateClass::exitStateVentilating
[Fri Dec 25 00:18:15.214 2020] CHumidityStateClass::exitStateIdle
[Fri Dec 25 00:18:15.246 2020] CHumidityStateClass::entryStateDrying
[Fri Dec 25 00:18:30.138 2020]     0:00:20,T  23.52,H 105.24, 1,104.5,105.0
[Fri Dec 25 00:18:50.149 2020]     0:00:40,T  23.52,H 105.28, 1,104.5,105.0
[Fri Dec 25 00:19:10.144 2020]     0:01:01,T  23.51,H 105.33, 1,104.5,105.0
[Fri Dec 25 00:19:30.153 2020]     0:01:21,T  23.50,H 105.31, 1,104.5,105.0
[Fri Dec 25 00:19:50.164 2020]     0:01:41,T  23.49,H 105.31, 1,104.5,105.0
[Fri Dec 25 00:20:10.159 2020]     0:02:02,T  23.46,H 105.25, 1,104.5,105.0
[Fri Dec 25 00:20:30.169 2020]     0:02:22,T  23.46,H 105.18, 1,104.5,105.0
[Fri Dec 25 00:20:50.163 2020]     0:02:42,T  23.43,H 105.15, 1,104.5,105.0
[Fri Dec 25 00:21:10.174 2020]     0:03:03,T  23.41,H 105.07, 1,104.5,105.0
[Fri Dec 25 00:21:30.169 2020]     0:03:23,T  23.39,H 104.97, 1,104.5,105.0
[Fri Dec 25 00:21:50.180 2020]     0:03:43,T  23.41,H 104.91, 1,104.5,105.0
[Fri Dec 25 00:22:10.190 2020]     0:04:04,T  23.41,H 104.89, 1,104.5,105.0
[Fri Dec 25 00:22:30.183 2020]     0:04:24,T  23.39,H 104.89, 1,104.5,105.0
[Fri Dec 25 00:22:50.194 2020]     0:04:44,T  23.39,H 104.85, 1,104.5,105.0
[Fri Dec 25 00:23:10.188 2020]     0:05:05,T  23.35,H 104.79, 1,104.5,105.0
[Fri Dec 25 00:23:30.199 2020]     0:05:25,T  23.35,H 104.75, 1,104.5,105.0
[Fri Dec 25 00:23:50.209 2020]     0:05:45,T  23.32,H 104.68, 1,104.5,105.0
[Fri Dec 25 00:24:10.203 2020]     0:06:06,T  23.32,H 104.67, 1,104.5,105.0
[Fri Dec 25 00:24:30.214 2020]     0:06:26,T  23.33,H 104.59, 1,104.5,105.0
[Fri Dec 25 00:24:50.209 2020]     0:06:46,T  23.32,H 104.55, 1,104.5,105.0
[Fri Dec 25 00:25:10.219 2020]     0:07:07,T  23.29,H 104.55, 1,104.5,105.0
[Fri Dec 25 00:25:19.976 2020] CHumidityStateClass::exitStateDrying
[Fri Dec 25 00:25:19.993 2020] CHumidityStateClass::entryStateIdle
[Fri Dec 25 00:25:20.025 2020] CHumidityStateClass::entryStateVentilating
[Fri Dec 25 00:25:30.213 2020]     0:07:27,T  23.28,H 104.49, 1,104.5,105.0
[Fri Dec 25 00:25:50.224 2020]     0:07:47,T  23.28,H 104.49, 1,104.5,105.0
[Fri Dec 25 00:26:10.234 2020]     0:08:08,T  23.29,H 104.45, 1,104.5,105.0
[Fri Dec 25 00:26:30.229 2020]     0:08:28,T  23.28,H 104.44, 1,104.5,105.0
[Fri Dec 25 00:26:50.239 2020]     0:08:48,T  23.28,H 104.49, 1,104.5,105.0
[Fri Dec 25 00:27:10.233 2020]     0:09:09,T  23.26,H 104.43, 1,104.5,105.0
[Fri Dec 25 00:27:30.244 2020]     0:09:29,T  23.26,H 104.39, 1,104.5,105.0
[Fri Dec 25 00:27:50.255 2020]     0:09:49,T  23.25,H 104.39, 1,104.5,105.0
[Fri Dec 25 00:28:10.249 2020]     0:10:10,T  23.25,H 104.39, 1,104.5,105.0
[Fri Dec 25 00:28:19.255 2020] CHumidityStateClass::exitStateVentilating
[Fri Dec 25 00:28:19.271 2020] CHumidityStateClass::entryStateNonVentilating
[Fri Dec 25 00:28:30.259 2020]     0:10:30,T  23.25,H 104.39, 0,104.5,105.0
[Fri Dec 25 00:28:50.254 2020]     0:10:50,T  23.28,H 104.39, 0,104.5,105.0
[Fri Dec 25 00:29:10.264 2020]     0:11:11,T  23.29,H 104.45, 0,104.5,105.0
[Fri Dec 25 00:29:30.259 2020]     0:11:31,T  23.30,H 104.49, 0,104.5,105.0
[Fri Dec 25 00:29:50.269 2020]     0:11:51,T  23.31,H 104.59, 0,104.5,105.0
[Fri Dec 25 00:30:10.279 2020]     0:12:12,T  23.31,H 104.61, 0,104.5,105.0
[Fri Dec 25 00:30:30.276 2020]     0:12:32,T  23.31,H 104.67, 0,104.5,105.0
[Fri Dec 25 00:30:50.285 2020]     0:12:52,T  23.32,H 104.68, 0,104.5,105.0
[Fri Dec 25 00:31:10.278 2020]     0:13:13,T  23.32,H 104.71, 0,104.5,105.0
[Fri Dec 25 00:31:30.290 2020]     0:13:33,T  23.33,H 104.75, 0,104.5,105.0
[Fri Dec 25 00:31:50.284 2020]     0:13:53,T  23.33,H 104.80, 0,104.5,105.0
[Fri Dec 25 00:32:10.293 2020]     0:14:14,T  23.32,H 104.80, 0,104.5,105.0
[Fri Dec 25 00:32:30.305 2020]     0:14:34,T  23.32,H 104.84, 0,104.5,105.0
[Fri Dec 25 00:32:50.299 2020]     0:14:54,T  23.34,H 104.86, 0,104.5,105.0
[Fri Dec 25 00:33:10.309 2020]     0:15:15,T  23.34,H 104.89, 0,104.5,105.0
[Fri Dec 25 00:33:30.305 2020]     0:15:35,T  23.34,H 104.93, 0,104.5,105.0
[Fri Dec 25 00:33:50.314 2020]     0:15:55,T  23.34,H 104.94, 0,104.5,105.0
[Fri Dec 25 00:34:10.324 2020]     0:16:16,T  23.34,H 104.98, 0,104.5,105.0
[Fri Dec 25 00:34:30.319 2020]     0:16:36,T  23.34,H 105.00, 0,104.5,105.0
[Fri Dec 25 00:34:34.686 2020] CHumidityStateClass::exitStateNonVentilating
[Fri Dec 25 00:34:34.703 2020] CHumidityStateClass::exitStateIdle
[Fri Dec 25 00:34:34.718 2020] CHumidityStateClass::entryStateDrying
[Fri Dec 25 00:34:50.330 2020]     0:16:56,T  23.35,H 105.00, 1,104.5,105.0
[Fri Dec 25 00:35:10.324 2020]     0:17:17,T  23.35,H 105.06, 1,104.5,105.0
[Fri Dec 25 00:35:30.335 2020]     0:17:37,T  23.35,H 105.10, 1,104.5,105.0
[Fri Dec 25 00:35:50.328 2020]     0:17:57,T  23.34,H 105.10, 1,104.5,105.0
[Fri Dec 25 00:36:10.339 2020]     0:18:18,T  23.31,H 105.10, 1,104.5,105.0
[Fri Dec 25 00:36:30.350 2020]     0:18:38,T  23.31,H 105.10, 1,104.5,105.0
[Fri Dec 25 00:36:50.344 2020]     0:18:58,T  23.31,H 105.11, 1,104.5,105.0
[Fri Dec 25 00:37:10.354 2020]     0:19:19,T  23.28,H 105.07, 1,104.5,105.0
[Fri Dec 25 00:37:30.349 2020]     0:19:39,T  23.28,H 104.99, 1,104.5,105.0
[Fri Dec 25 00:37:50.359 2020]     0:20:00,T  23.26,H 104.96, 1,104.5,105.0
[Fri Dec 25 00:38:10.370 2020]     0:20:20,T  23.26,H 104.93, 1,104.5,105.0
[Fri Dec 25 00:38:15.889 2020] 
[Fri Dec 25 00:38:15.889 2020] STARTUP after initHW() pidGrowbox together with stateGrowbox
[Fri Dec 25 00:38:15.921 2020] printCsvHeader
[Fri Dec 25 00:38:15.921 2020] time,temp_inBox,humid_inBox,relais1OnOff,dry low limit,dry high limit
[Fri Dec 25 00:38:15.968 2020] CHumidityStateClass::entryStateGrowBoxKeepingHumidity
[Fri Dec 25 00:38:15.984 2020] CHumidityStateClass::entryStateHumidityControlRunning
[Fri Dec 25 00:38:16.016 2020] CHumidityStateClass::entryStateIdle
[Fri Dec 25 00:38:16.034 2020] CHumidityStateClass::entryStateVentilating
[Fri Dec 25 00:38:16.065 2020] TriacHumidityTemperature statechart started
[Fri Dec 25 00:38:16.081 2020] 
[Fri Dec 25 00:38:16.081 2020] STARTUP DONE pidGrowbox together with stateGrowbox
[Fri Dec 25 00:38:32.013 2020] 
[Fri Dec 25 00:38:32.013 2020] STARTUP after initHW() pidGrowbox together with stateGrowbox
[Fri Dec 25 00:38:32.045 2020] printCsvHeader
[Fri Dec 25 00:38:32.061 2020] time,temp_inBox,humid_inBox,relais1OnOff,dry low limit,dry high limit
[Fri Dec 25 00:38:32.092 2020] CHumidityStateClass::entryStateGrowBoxKeepingHumidity
[Fri Dec 25 00:38:32.125 2020] CHumidityStateClass::entryStateHumidityControlRunning
[Fri Dec 25 00:38:32.157 2020] CHumidityStateClass::entryStateIdle
[Fri Dec 25 00:38:32.173 2020] CHumidityStateClass::entryStateVentilating
[Fri Dec 25 00:38:32.188 2020] TriacHumidityTemperature statechart started
[Fri Dec 25 00:38:32.220 2020] 
[Fri Dec 25 00:38:32.220 2020] STARTUP DONE pidGrowbox together with stateGrowbox
[Fri Dec 25 00:38:43.161 2020] 
[Fri Dec 25 00:38:43.161 2020] STARTUP after initHW() pidGrowbox together with stateGrowbox
[Fri Dec 25 00:38:43.193 2020] printCsvHeader
[Fri Dec 25 00:38:43.210 2020] time,temp_inBox,humid_inBox,relais1OnOff,dry low limit,dry high limit
[Fri Dec 25 00:38:43.241 2020] CHumidityStateClass::entryStateGrowBoxKeepingHumidity
[Fri Dec 25 00:38:43.276 2020] CHumidityStateClass::entryStateHumidityControlRunning
[Fri Dec 25 00:38:43.306 2020] CHumidityStateClass::entryStateIdle
[Fri Dec 25 00:38:43.321 2020] CHumidityStateClass::entryStateVentilating
[Fri Dec 25 00:38:43.337 2020] TriacHumidityTemperature statechart started
[Fri Dec 25 00:38:43.369 2020] 
[Fri Dec 25 00:38:43.369 2020] STARTUP DONE pidGrowbox together with stateGrowbox
